2019-05-26 01:24:54.745 INFO  o.d.t.f.wicket.FormsWebApplication - Starting FormsWebApplication on galinas-MacBook-Pro.local with PID 91522 (/Users/galinakalvatcheva/Documents/oc-makueni/forms/target/classes started by galinakalvatcheva in /Users/galinakalvatcheva/Documents/oc-makueni)
2019-05-26 01:24:54.747 INFO  o.d.t.f.wicket.FormsWebApplication - No active profile set, falling back to default profiles: default
2019-05-26 01:24:56.145 INFO  o.s.d.r.c.RepositoryConfigurationDelegate - Bootstrapping Spring Data repositories in DEFAULT mode.
2019-05-26 01:24:56.424 INFO  o.s.d.r.c.RepositoryConfigurationDelegate - Finished Spring Data repository scanning in 268ms. Found 28 repository interfaces.
2019-05-26 01:24:57.289 INFO  o.s.i.c.DefaultConfiguringBeanFactoryPostProcessor - No bean named 'errorChannel' has been explicitly defined. Therefore, a default PublishSubscribeChannel will be created.
2019-05-26 01:24:57.301 INFO  o.s.i.c.DefaultConfiguringBeanFactoryPostProcessor - No bean named 'integrationHeaderChannelRegistry' has been explicitly defined. Therefore, a default DefaultHeaderChannelRegistry will be created.
2019-05-26 01:24:57.469 INFO  o.s.c.s.PostProcessorRegistrationDelegate$BeanPostProcessorChecker - Bean 'org.springframework.transaction.annotation.ProxyTransactionManagementConfiguration' of type [org.springframework.transaction.annotation.ProxyTransactionManagementConfiguration$$EnhancerBySpringCGLIB$$5e48e060] is not eligible for getting processed by all BeanPostProcessors (for example: not eligible for auto-proxying)
2019-05-26 01:24:57.523 INFO  o.s.c.s.PostProcessorRegistrationDelegate$BeanPostProcessorChecker - Bean 'org.springframework.integration.config.IntegrationManagementConfiguration' of type [org.springframework.integration.config.IntegrationManagementConfiguration$$EnhancerBySpringCGLIB$$c93a9b8f] is not eligible for getting processed by all BeanPostProcessors (for example: not eligible for auto-proxying)
2019-05-26 01:24:57.543 INFO  o.s.c.s.PostProcessorRegistrationDelegate$BeanPostProcessorChecker - Bean 'integrationDisposableAutoCreatedBeans' of type [org.springframework.integration.config.annotation.Disposables] is not eligible for getting processed by all BeanPostProcessors (for example: not eligible for auto-proxying)
2019-05-26 01:24:57.579 INFO  o.s.c.s.PostProcessorRegistrationDelegate$BeanPostProcessorChecker - Bean 'org.springframework.hateoas.config.HateoasConfiguration' of type [org.springframework.hateoas.config.HateoasConfiguration$$EnhancerBySpringCGLIB$$ddc92d92] is not eligible for getting processed by all BeanPostProcessors (for example: not eligible for auto-proxying)
2019-05-26 01:24:58.116 INFO  o.s.b.w.e.tomcat.TomcatWebServer - Tomcat initialized with port(s): 8090 (http)
2019-05-26 01:24:58.152 INFO  o.a.catalina.core.StandardService - Starting service [Tomcat]
2019-05-26 01:24:58.153 INFO  o.a.catalina.core.StandardEngine - Starting Servlet engine: [Apache Tomcat/9.0.17]
2019-05-26 01:24:58.337 INFO  o.a.c.c.C.[Tomcat].[localhost].[/] - Initializing Spring embedded WebApplicationContext
2019-05-26 01:24:58.337 INFO  o.s.web.context.ContextLoader - Root WebApplicationContext: initialization completed in 3548 ms
2019-05-26 01:24:58.835 INFO  o.s.c.e.EhCacheManagerFactoryBean - Initializing EhCache CacheManager
2019-05-26 01:25:00.380 INFO  com.zaxxer.hikari.HikariDataSource - HikariPool-1 - Starting...
2019-05-26 01:25:00.501 INFO  com.zaxxer.hikari.HikariDataSource - HikariPool-1 - Start completed.
2019-05-26 01:25:01.022 INFO  liquibase.executor.jvm.JdbcExecutor - SELECT COUNT(*) FROM public.databasechangeloglock
2019-05-26 01:25:01.027 INFO  liquibase.executor.jvm.JdbcExecutor - SELECT COUNT(*) FROM public.databasechangeloglock
2019-05-26 01:25:01.029 INFO  liquibase.executor.jvm.JdbcExecutor - SELECT LOCKED FROM public.databasechangeloglock WHERE ID=1
2019-05-26 01:25:01.048 INFO  l.lockservice.StandardLockService - Successfully acquired change log lock
2019-05-26 01:25:01.987 INFO  liquibase.executor.jvm.JdbcExecutor - SELECT MD5SUM FROM public.databasechangelog WHERE MD5SUM IS NOT NULL LIMIT 1
2019-05-26 01:25:01.989 INFO  liquibase.executor.jvm.JdbcExecutor - SELECT COUNT(*) FROM public.databasechangelog
2019-05-26 01:25:01.989 INFO  l.c.StandardChangeLogHistoryService - Reading from public.databasechangelog
2019-05-26 01:25:01.989 INFO  liquibase.executor.jvm.JdbcExecutor - SELECT * FROM public.databasechangelog ORDER BY DATEEXECUTED ASC, ORDEREXECUTED ASC
2019-05-26 01:25:02.188 INFO  liquibase.executor.jvm.JdbcExecutor - INSERT INTO category (id, label, email_address, address, dtype) VALUES (nextval('hibernate_sequence'), 'County Government of Makueni', 'contact@makueni.go.ke', '78 - 9300 - Makueni', 'ProcuringEntity')
2019-05-26 01:25:02.200 INFO  liquibase.executor.jvm.JdbcExecutor - INSERT INTO category (id, label, email_address, address, dtype) VALUES (nextval('hibernate_sequence'), 'Wote Municipality Board', 'wotemunicipality@gmail.com', '79 - 9300 - Makueni', 'ProcuringEntity')
2019-05-26 01:25:02.201 INFO  liquibase.executor.jvm.JdbcExecutor - INSERT INTO category (id, label, code, address, dtype) VALUES (nextval('hibernate_sequence'), 'ACACIA RESORT', '146586', 'P.O.BOX 32   - 90300', 'Supplier')
2019-05-26 01:25:02.202 INFO  liquibase.executor.jvm.JdbcExecutor - INSERT INTO category (id, label, code, address, dtype) VALUES (nextval('hibernate_sequence'), 'ACCESS KENYA GROUP LIMITED', '34270', 'P.O.BOX', 'Supplier')
2019-05-26 01:25:02.203 INFO  liquibase.executor.jvm.JdbcExecutor - INSERT INTO category (id, label, code, address, dtype) VALUES (nextval('hibernate_sequence'), 'ACHELIS KENYA LIMITED', '148527', 'P.O.BOX', 'Supplier')
2019-05-26 01:25:02.204 INFO  liquibase.executor.jvm.JdbcExecutor - INSERT INTO category (id, label, code, address, dtype) VALUES (nextval('hibernate_sequence'), 'ACHELIS MATERIAL HANDLING LIMITED', '21716', 'P.O.BOX', 'Supplier')
2019-05-26 01:25:02.204 INFO  liquibase.executor.jvm.JdbcExecutor - INSERT INTO category (id, label, code, address, dtype) VALUES (nextval('hibernate_sequence'), 'AFRICA NAZARENE UNIVERSITY', '11217', 'P.O BOX', 'Supplier')
2019-05-26 01:25:02.205 INFO  liquibase.executor.jvm.JdbcExecutor - INSERT INTO category (id, label, code, address, dtype) VALUES (nextval('hibernate_sequence'), 'AFRICAN  CAPITAL LIMITED', '20371', 'P.O.BOX', 'Supplier')
2019-05-26 01:25:02.206 INFO  liquibase.executor.jvm.JdbcExecutor - INSERT INTO category (id, label, code, address, dtype) VALUES (nextval('hibernate_sequence'), 'AFRICAN CAPITAL LIMITED', '11947', 'P.O.BOX', 'Supplier')
2019-05-26 01:25:02.206 INFO  liquibase.executor.jvm.JdbcExecutor - INSERT INTO category (id, label, code, address, dtype) VALUES (nextval('hibernate_sequence'), 'AGA KHAN UNIVERSITY HOSPITAL', '48677', 'P.O.BOX', 'Supplier')
2019-05-26 01:25:02.207 INFO  liquibase.executor.jvm.JdbcExecutor - INSERT INTO category (id, label, code, address, dtype) VALUES (nextval('hibernate_sequence'), 'AGNES MULEI', '111532', 'P.O.BOX', 'Supplier')
2019-05-26 01:25:02.207 INFO  liquibase.executor.jvm.JdbcExecutor - INSERT INTO category (id, label, code, address, dtype) VALUES (nextval('hibernate_sequence'), 'AIC KIJABE HOSPITAL', '73233', 'P.O.BOX', 'Supplier')
2019-05-26 01:25:02.208 INFO  liquibase.executor.jvm.JdbcExecutor - INSERT INTO category (id, label, code, address, dtype) VALUES (nextval('hibernate_sequence'), 'AIG KENYA INSURANCE COMPANY LIMITED', '40544', 'P.O.BOX', 'Supplier')
2019-05-26 01:25:02.209 INFO  liquibase.executor.jvm.JdbcExecutor - INSERT INTO category (id, label, code, address, dtype) VALUES (nextval('hibernate_sequence'), 'AIRTEL NETWORKS KENYA LIMITED', '26948', 'MAKUENI', 'Supplier')
2019-05-26 01:25:02.209 INFO  liquibase.executor.jvm.JdbcExecutor - INSERT INTO category (id, label, code, address, dtype) VALUES (nextval('hibernate_sequence'), 'ALICE ATIENO BUSERA', '23589', 'P.O BOX', 'Supplier')
2019-05-26 01:25:02.210 INFO  liquibase.executor.jvm.JdbcExecutor - INSERT INTO category (id, label, code, address, dtype) VALUES (nextval('hibernate_sequence'), 'ANEDA GENERAL AGENCIES', '142283', 'P.O.BOX', 'Supplier')
2019-05-26 01:25:02.211 INFO  liquibase.executor.jvm.JdbcExecutor - INSERT INTO category (id, label, code, address, dtype) VALUES (nextval('hibernate_sequence'), 'ANTELA INVESTMENTS', '83798', 'P.O.BOX', 'Supplier')
2019-05-26 01:25:02.211 INFO  liquibase.executor.jvm.JdbcExecutor - INSERT INTO category (id, label, code, address, dtype) VALUES (nextval('hibernate_sequence'), 'APA LIFE ASSURANCE LIMITED', '2238', 'MAKUENI', 'Supplier')
2019-05-26 01:25:02.212 INFO  liquibase.executor.jvm.JdbcExecutor - INSERT INTO category (id, label, code, address, dtype) VALUES (nextval('hibernate_sequence'), 'ASHDOWN LIMITED', '125242', 'P.O.BOX', 'Supplier')
2019-05-26 01:25:02.212 INFO  liquibase.executor.jvm.JdbcExecutor - INSERT INTO category (id, label, code, address, dtype) VALUES (nextval('hibernate_sequence'), 'ASSOCIATION OF MEDICAL RECORDS OFFICERS', '25477', 'MAKUENI', 'Supplier')
2019-05-26 01:25:02.213 INFO  liquibase.executor.jvm.JdbcExecutor - INSERT INTO category (id, label, code, address, dtype) VALUES (nextval('hibernate_sequence'), 'ASSOCIATION OF PROFESSIONAL SOCIETIES IN EAST AFRICA', '96664', 'P.O. BOX', 'Supplier')
2019-05-26 01:25:02.213 INFO  liquibase.executor.jvm.JdbcExecutor - INSERT INTO category (id, label, code, address, dtype) VALUES (nextval('hibernate_sequence'), 'ATHLETICS KENYA', '47733', 'P.O.BOX', 'Supplier')
2019-05-26 01:25:02.214 INFO  liquibase.executor.jvm.JdbcExecutor - INSERT INTO category (id, label, code, address, dtype) VALUES (nextval('hibernate_sequence'), 'ATLAS COPCO EASTERN AFRICA LIMITED', '55661', 'P.O. BOX', 'Supplier')
2019-05-26 01:25:02.216 INFO  liquibase.executor.jvm.JdbcExecutor - INSERT INTO category (id, label, code, address, dtype) VALUES (nextval('hibernate_sequence'), 'BANCO AGENCIES', '12290', 'PO BOX 11270 NAIROBI NAIROBI', 'Supplier')
2019-05-26 01:25:02.217 INFO  liquibase.executor.jvm.JdbcExecutor - INSERT INTO category (id, label, code, address, dtype) VALUES (nextval('hibernate_sequence'), 'BARCLAYS BANK KENYA LIMITED', '25752', 'P.O.BOX', 'Supplier')
2019-05-26 01:25:02.218 INFO  liquibase.executor.jvm.JdbcExecutor - INSERT INTO category (id, label, code, address, dtype) VALUES (nextval('hibernate_sequence'), 'BEADLES LIMITED', '120689', 'P.O.BOX', 'Supplier')
2019-05-26 01:25:02.218 INFO  liquibase.executor.jvm.JdbcExecutor - INSERT INTO category (id, label, code, address, dtype) VALUES (nextval('hibernate_sequence'), 'BELFAST ENGINEERING WORKS LIMITED', '89271', '59242', 'Supplier')
2019-05-26 01:25:02.219 INFO  liquibase.executor.jvm.JdbcExecutor - INSERT INTO category (id, label, code, address, dtype) VALUES (nextval('hibernate_sequence'), 'BENTHA ENTERPRISES LIMITED', '12795', 'P.O.BOX', 'Supplier')
2019-05-26 01:25:02.220 INFO  liquibase.executor.jvm.JdbcExecutor - INSERT INTO category (id, label, code, address, dtype) VALUES (nextval('hibernate_sequence'), 'BEQUINS GENERAL ENTERPRISES', '123382', 'P.O.BOX', 'Supplier')
2019-05-26 01:25:02.221 INFO  liquibase.executor.jvm.JdbcExecutor - INSERT INTO category (id, label, code, address, dtype) VALUES (nextval('hibernate_sequence'), 'BLUE LIMITED KENYA', '44870', 'P.O.NAIROBI', 'Supplier')
2019-05-26 01:25:02.221 INFO  liquibase.executor.jvm.JdbcExecutor - INSERT INTO category (id, label, code, address, dtype) VALUES (nextval('hibernate_sequence'), 'BLUE SCOPE CONTRACTORS', '145430', 'P.O. BOX', 'Supplier')
2019-05-26 01:25:02.222 INFO  liquibase.executor.jvm.JdbcExecutor - INSERT INTO category (id, label, code, address, dtype) VALUES (nextval('hibernate_sequence'), 'BRANCO FURNITURES', '148251', 'p o box 10453 nairobi', 'Supplier')
2019-05-26 01:25:02.222 INFO  liquibase.executor.jvm.JdbcExecutor - INSERT INTO category (id, label, code, address, dtype) VALUES (nextval('hibernate_sequence'), 'BRANOLD ENTERPRISES', '148256', 'P.O.BOX', 'Supplier')
2019-05-26 01:25:02.223 INFO  liquibase.executor.jvm.JdbcExecutor - INSERT INTO category (id, label, code, address, dtype) VALUES (nextval('hibernate_sequence'), 'BRIGHT TECHNOLOGIES LIMITED', '97586', 'P.O BOX 19706   - 00100', 'Supplier')
2019-05-26 01:25:02.224 INFO  liquibase.executor.jvm.JdbcExecutor - INSERT INTO category (id, label, code, address, dtype) VALUES (nextval('hibernate_sequence'), 'BRITISH AMERICAN INSURANCE CO K LTD', '369140', 'p.o box 30375  nairobi - 00100', 'Supplier')
2019-05-26 01:25:02.224 INFO  liquibase.executor.jvm.JdbcExecutor - INSERT INTO category (id, label, code, address, dtype) VALUES (nextval('hibernate_sequence'), 'BRITISH AMERICAN INSURANCE COMPANY K LIMITED', '6121', 'PO BOX 572- WOTE   - 90300', 'Supplier')
2019-05-26 01:25:02.225 INFO  liquibase.executor.jvm.JdbcExecutor - INSERT INTO category (id, label, code, address, dtype) VALUES (nextval('hibernate_sequence'), 'BUDGET FURNITURE LIMITED', '72971', 'P.O BOX 34438   - 00100', 'Supplier')
2019-05-26 01:25:02.225 INFO  liquibase.executor.jvm.JdbcExecutor - INSERT INTO category (id, label, code, address, dtype) VALUES (nextval('hibernate_sequence'), 'BUREAU VERITAS KENYA LIMITED', '86683', 'MAKUENI', 'Supplier')
2019-05-26 01:25:02.226 INFO  liquibase.executor.jvm.JdbcExecutor - INSERT INTO category (id, label, code, address, dtype) VALUES (nextval('hibernate_sequence'), 'CAPHI ENTERPRISES', '148041', 'P.O.BOX 40362', 'Supplier')
2019-05-26 01:25:02.227 INFO  liquibase.executor.jvm.JdbcExecutor - INSERT INTO category (id, label, code, address, dtype) VALUES (nextval('hibernate_sequence'), 'CAPM STATIONERS', '139710', 'KARACHI HOUSE P.O BOX 55097  NAIROBI - 00200', 'Supplier')
2019-05-26 01:25:02.228 INFO  liquibase.executor.jvm.JdbcExecutor - INSERT INTO category (id, label, code, address, dtype) VALUES (nextval('hibernate_sequence'), 'CENTRAL FARMERS GARAGE LIMITED', '114747', 'P.O.BOX', 'Supplier')
2019-05-26 01:25:02.229 INFO  liquibase.executor.jvm.JdbcExecutor - INSERT INTO category (id, label, code, address, dtype) VALUES (nextval('hibernate_sequence'), 'CFC STANBIC BANK KENYA  LIMITED', '21073', 'P.O.BOX', 'Supplier')
2019-05-26 01:25:02.229 INFO  liquibase.executor.jvm.JdbcExecutor - INSERT INTO category (id, label, code, address, dtype) VALUES (nextval('hibernate_sequence'), 'CHAKOPENKA GENERAL SUPPLIERS LIMITED', '146870', 'P.O.BOX', 'Supplier')
2019-05-26 01:25:02.230 INFO  liquibase.executor.jvm.JdbcExecutor - INSERT INTO category (id, label, code, address, dtype) VALUES (nextval('hibernate_sequence'), 'CHEMOQUIP LIMITED', '45296', 'P.O.BOX', 'Supplier')
2019-05-26 01:25:02.231 INFO  liquibase.executor.jvm.JdbcExecutor - INSERT INTO category (id, label, code, address, dtype) VALUES (nextval('hibernate_sequence'), 'CIC INSURANCE GROUP LIMITED', '10268', ' PO BOX   - 00100', 'Supplier')
2019-05-26 01:25:02.231 INFO  liquibase.executor.jvm.JdbcExecutor - INSERT INTO category (id, label, code, address, dtype) VALUES (nextval('hibernate_sequence'), 'CIVIL SERVANTS HOUSING FUND SCHEME', '17380', 'P.O.BOX', 'Supplier')
2019-05-26 01:25:02.232 INFO  liquibase.executor.jvm.JdbcExecutor - INSERT INTO category (id, label, code, address, dtype) VALUES (nextval('hibernate_sequence'), 'CMC MOTORS GROUP LIMITED', '101', ' P.O.NAIROBI', 'Supplier')
2019-05-26 01:25:02.232 INFO  liquibase.executor.jvm.JdbcExecutor - INSERT INTO category (id, label, code, address, dtype) VALUES (nextval('hibernate_sequence'), 'COLLEGE OF INSURANCE', '1129', 'NAIROBI P.O. BOX 56928   - 00200', 'Supplier')
2019-05-26 01:25:02.233 INFO  liquibase.executor.jvm.JdbcExecutor - INSERT INTO category (id, label, code, address, dtype) VALUES (nextval('hibernate_sequence'), 'COPIER SOLUTIONS AND TECHNOLOGIES LIMITED', '118820', 'parliarment road embassy P.O BOX 36324  - 00200', 'Supplier')
2019-05-26 01:25:02.234 INFO  liquibase.executor.jvm.JdbcExecutor - INSERT INTO category (id, label, code, address, dtype) VALUES (nextval('hibernate_sequence'), 'CORPORATE INSURANCE COMPANY LIMITED', '7566', 'P.O.BOX', 'Supplier')
2019-05-26 01:25:02.235 INFO  liquibase.executor.jvm.JdbcExecutor - INSERT INTO category (id, label, code, address, dtype) VALUES (nextval('hibernate_sequence'), 'CREDIBLE SOUNDS', '59902', 'P.O BOX 32155   - 00600', 'Supplier')
2019-05-26 01:25:02.236 INFO  liquibase.executor.jvm.JdbcExecutor - INSERT INTO category (id, label, code, address, dtype) VALUES (nextval('hibernate_sequence'), 'DANNGA SERVICES LIMITED', '15855', ' PO', 'Supplier')
2019-05-26 01:25:02.236 INFO  liquibase.executor.jvm.JdbcExecutor - INSERT INTO category (id, label, code, address, dtype) VALUES (nextval('hibernate_sequence'), 'DAVIS AND SHIRTLIFF LIMITED', '19778', ' MAKUENI', 'Supplier')
2019-05-26 01:25:02.237 INFO  liquibase.executor.jvm.JdbcExecutor - INSERT INTO category (id, label, code, address, dtype) VALUES (nextval('hibernate_sequence'), 'DERBY POINT ENTERPRISES', '142270', 'P.O.BOX', 'Supplier')
2019-05-26 01:25:02.237 INFO  liquibase.executor.jvm.JdbcExecutor - INSERT INTO category (id, label, code, address, dtype) VALUES (nextval('hibernate_sequence'), 'DIGICOM NETWORKS', '62496', 'P.O BOX 13674 INTERMARK BUSINESS CENTRE TAVETA ROAD  NAIROBI - 00800', 'Supplier')
2019-05-26 01:25:02.238 INFO  liquibase.executor.jvm.JdbcExecutor - INSERT INTO category (id, label, code, address, dtype) VALUES (nextval('hibernate_sequence'), 'DIMENSIONAL SERVICES LIMITED', '131867', 'P.O.BOX', 'Supplier')
2019-05-26 01:25:02.239 INFO  liquibase.executor.jvm.JdbcExecutor - INSERT INTO category (id, label, code, address, dtype) VALUES (nextval('hibernate_sequence'), 'DOABLE CONCEPTS AND DECO', '114997', 'NAIROBI P.O. BOX 6932   - 00300', 'Supplier')
2019-05-26 01:25:02.239 INFO  liquibase.executor.jvm.JdbcExecutor - INSERT INTO category (id, label, code, address, dtype) VALUES (nextval('hibernate_sequence'), 'DOCIE GENERAL SUPPLIERS', '31548', 'P.O.BOX', 'Supplier')
2019-05-26 01:25:02.239 INFO  liquibase.executor.jvm.JdbcExecutor - INSERT INTO category (id, label, code, address, dtype) VALUES (nextval('hibernate_sequence'), 'DOCKS INVESTMENTS AND SUPPLIES COMPANY LIMITED', '49765', ' MAKUENI', 'Supplier')
2019-05-26 01:25:02.240 INFO  liquibase.executor.jvm.JdbcExecutor - INSERT INTO category (id, label, code, address, dtype) VALUES (nextval('hibernate_sequence'), 'DOREK OFFICE SUPPLIES', '2145', 'P.O BOX', 'Supplier')
2019-05-26 01:25:02.240 INFO  liquibase.executor.jvm.JdbcExecutor - INSERT INTO category (id, label, code, address, dtype) VALUES (nextval('hibernate_sequence'), 'DOUBLE FOUR SUPPLIES', '84405', 'MAKUENI', 'Supplier')
2019-05-26 01:25:02.241 INFO  liquibase.executor.jvm.JdbcExecutor - INSERT INTO category (id, label, code, address, dtype) VALUES (nextval('hibernate_sequence'), 'DUNCAN MWANGANGI MUIA', '140333', 'P.O BOX', 'Supplier')
2019-05-26 01:25:02.241 INFO  liquibase.executor.jvm.JdbcExecutor - INSERT INTO category (id, label, code, address, dtype) VALUES (nextval('hibernate_sequence'), 'EASTERN BROADCASTING CORPORATION LIMITED', '58959', ' P.O. BOX', 'Supplier')
2019-05-26 01:25:02.242 INFO  liquibase.executor.jvm.JdbcExecutor - INSERT INTO category (id, label, code, address, dtype) VALUES (nextval('hibernate_sequence'), 'ELBURGON VENTURES LIMITED', '146168', ' MAKUENI', 'Supplier')
2019-05-26 01:25:02.243 INFO  liquibase.executor.jvm.JdbcExecutor - INSERT INTO category (id, label, code, address, dtype) VALUES (nextval('hibernate_sequence'), 'ELFORD MERCHANTS', '145428', 'P.O BOX 8712  NAIROBI - 00200', 'Supplier')
2019-05-26 01:25:02.243 INFO  liquibase.executor.jvm.JdbcExecutor - INSERT INTO category (id, label, code, address, dtype) VALUES (nextval('hibernate_sequence'), 'EMU INYA ENTERPRISES LIMITED', '69328', 'P.O.BOX', 'Supplier')
2019-05-26 01:25:02.244 INFO  liquibase.executor.jvm.JdbcExecutor - INSERT INTO category (id, label, code, address, dtype) VALUES (nextval('hibernate_sequence'), 'EPTON ENTERPRISES', '16002', 'P.O BOX', 'Supplier')
2019-05-26 01:25:02.244 INFO  liquibase.executor.jvm.JdbcExecutor - INSERT INTO category (id, label, code, address, dtype) VALUES (nextval('hibernate_sequence'), 'ESRI EASTERN AFRICA', '70167', 'PO BOX', 'Supplier')
2019-05-26 01:25:02.245 INFO  liquibase.executor.jvm.JdbcExecutor - INSERT INTO category (id, label, code, address, dtype) VALUES (nextval('hibernate_sequence'), 'ESTELLE DISTRIBUTORS', '97857', 'PO BOX', 'Supplier')
2019-05-26 01:25:02.245 INFO  liquibase.executor.jvm.JdbcExecutor - INSERT INTO category (id, label, code, address, dtype) VALUES (nextval('hibernate_sequence'), 'EXXON TECHNOLOGIES', '129761', 'P.O BOX 8114  NAIROBI - 00200', 'Supplier')
2019-05-26 01:25:02.246 INFO  liquibase.executor.jvm.JdbcExecutor - INSERT INTO category (id, label, code, address, dtype) VALUES (nextval('hibernate_sequence'), 'FAMILY BANK LIMITED', '7678', 'P.O.BOX', 'Supplier')
2019-05-26 01:25:02.247 INFO  liquibase.executor.jvm.JdbcExecutor - INSERT INTO category (id, label, code, address, dtype) VALUES (nextval('hibernate_sequence'), 'FARAM EAST AFRICA LIMITED', '62332', 'P.O.BOX', 'Supplier')
2019-05-26 01:25:02.247 INFO  liquibase.executor.jvm.JdbcExecutor - INSERT INTO category (id, label, code, address, dtype) VALUES (nextval('hibernate_sequence'), 'FINE TOUCH COMMUNICATIONS LIMITED', '21473', ' MAKUENI', 'Supplier')
2019-05-26 01:25:02.248 INFO  liquibase.executor.jvm.JdbcExecutor - INSERT INTO category (id, label, code, address, dtype) VALUES (nextval('hibernate_sequence'), 'FINELYNX ENTERPRISES', '102055', 'POBOX', 'Supplier')
2019-05-26 01:25:02.248 INFO  liquibase.executor.jvm.JdbcExecutor - INSERT INTO category (id, label, code, address, dtype) VALUES (nextval('hibernate_sequence'), 'FINETOPS ENTERPRISES LIMITED', '9871', 'P.O.BOX', 'Supplier')
2019-05-26 01:25:02.249 INFO  liquibase.executor.jvm.JdbcExecutor - INSERT INTO category (id, label, code, address, dtype) VALUES (nextval('hibernate_sequence'), 'FIRSTLING SUPPLIES LIMITED', '28696', ' P. O. BOX 8906 NAIROBI   - 00200', 'Supplier')
2019-05-26 01:25:02.249 INFO  liquibase.executor.jvm.JdbcExecutor - INSERT INTO category (id, label, code, address, dtype) VALUES (nextval('hibernate_sequence'), 'FLEXIFIELD ENTERPRISES', '22271', 'P.O. BOX', 'Supplier')
2019-05-26 01:25:02.250 INFO  liquibase.executor.jvm.JdbcExecutor - INSERT INTO category (id, label, code, address, dtype) VALUES (nextval('hibernate_sequence'), 'FORCES EQUIPMENT K LIMITED', '11829', ' P.O BOX', 'Supplier')
2019-05-26 01:25:02.250 INFO  liquibase.executor.jvm.JdbcExecutor - INSERT INTO category (id, label, code, address, dtype) VALUES (nextval('hibernate_sequence'), 'FRAJOPA PRINTERS MALL', '61113', 'PO BOX 572- WOTE', 'Supplier')
2019-05-26 01:25:02.251 INFO  liquibase.executor.jvm.JdbcExecutor - INSERT INTO category (id, label, code, address, dtype) VALUES (nextval('hibernate_sequence'), 'FRONTAL ENTERPRISES LIMITED', '133216', 'P.O. BOX 24256 ACCRA ROAD  NAIROBI - 00100', 'Supplier')
2019-05-26 01:25:02.251 INFO  liquibase.executor.jvm.JdbcExecutor - INSERT INTO category (id, label, code, address, dtype) VALUES (nextval('hibernate_sequence'), 'GARDEN HOTEL MACHAKOS LIMITED', '107408', ' MAKUENI', 'Supplier')
2019-05-26 01:25:02.252 INFO  liquibase.executor.jvm.JdbcExecutor - INSERT INTO category (id, label, code, address, dtype) VALUES (nextval('hibernate_sequence'), 'GATWICK TECH ENTERPRISES LIMITED', '125949', 'P.O.BOX', 'Supplier')
2019-05-26 01:25:02.253 INFO  liquibase.executor.jvm.JdbcExecutor - INSERT INTO category (id, label, code, address, dtype) VALUES (nextval('hibernate_sequence'), 'GENERAL MOTORS EAST AFRICA LIMITED', '4693', 'P.O.BOX', 'Supplier')
2019-05-26 01:25:02.253 INFO  liquibase.executor.jvm.JdbcExecutor - INSERT INTO category (id, label, code, address, dtype) VALUES (nextval('hibernate_sequence'), 'GESTALT GILD LIMITED', '89193', 'P.O.BOX', 'Supplier')
2019-05-26 01:25:02.254 INFO  liquibase.executor.jvm.JdbcExecutor - INSERT INTO category (id, label, code, address, dtype) VALUES (nextval('hibernate_sequence'), 'GETRUDES CHILDRENS HOSPITAL', '60926', 'P.O BOX', 'Supplier')
2019-05-26 01:25:02.254 INFO  liquibase.executor.jvm.JdbcExecutor - INSERT INTO category (id, label, code, address, dtype) VALUES (nextval('hibernate_sequence'), 'GOLDEDGE SUPPLIERS', '145429', 'MAKUENI', 'Supplier')
2019-05-26 01:25:02.255 INFO  liquibase.executor.jvm.JdbcExecutor - INSERT INTO category (id, label, code, address, dtype) VALUES (nextval('hibernate_sequence'), 'GREAT GRACE AGENCIES', '15863', 'P.O BOX 9894   - 00200', 'Supplier')
2019-05-26 01:25:02.255 INFO  liquibase.executor.jvm.JdbcExecutor - INSERT INTO category (id, label, code, address, dtype) VALUES (nextval('hibernate_sequence'), 'GREEN PARK GOLF  AND COUNTRY COMPLEX LIMITED', '113345', ' P.O BOX', 'Supplier')
2019-05-26 01:25:02.256 INFO  liquibase.executor.jvm.JdbcExecutor - INSERT INTO category (id, label, code, address, dtype) VALUES (nextval('hibernate_sequence'), 'HAPOLS ENTERPRISES', '148250', 'VISION PLAZA   - 29891-00200', 'Supplier')
2019-05-26 01:25:02.256 INFO  liquibase.executor.jvm.JdbcExecutor - INSERT INTO category (id, label, code, address, dtype) VALUES (nextval('hibernate_sequence'), 'HARAMBEE SAVINGS AND CREDIT COOPERATIVE SOCIETY', '258', 'NAIROBI P.O. BOX 47815   - 00100', 'Supplier')
2019-05-26 01:25:02.257 INFO  liquibase.executor.jvm.JdbcExecutor - INSERT INTO category (id, label, code, address, dtype) VALUES (nextval('hibernate_sequence'), 'HURUMA WOMEN GROUP', '139520', 'P.O.BOX', 'Supplier')
2019-05-26 01:25:02.258 INFO  liquibase.executor.jvm.JdbcExecutor - INSERT INTO category (id, label, code, address, dtype) VALUES (nextval('hibernate_sequence'), 'INSTITUTE FOR CAPACITY DEVELOPMENT', '145708', 'BOX 2521 00621', 'Supplier')
2019-05-26 01:25:02.258 INFO  liquibase.executor.jvm.JdbcExecutor - INSERT INTO category (id, label, code, address, dtype) VALUES (nextval('hibernate_sequence'), 'ISOVYA YOUTH POLYTECHNIC', '100568', 'P.O.BOX', 'Supplier')
2019-05-26 01:25:02.259 INFO  liquibase.executor.jvm.JdbcExecutor - INSERT INTO category (id, label, code, address, dtype) VALUES (nextval('hibernate_sequence'), 'JANROSE ENTERPRISE AND SUPPLIERS', '141006', 'P.O.BOX', 'Supplier')
2019-05-26 01:25:02.260 INFO  liquibase.executor.jvm.JdbcExecutor - INSERT INTO category (id, label, code, address, dtype) VALUES (nextval('hibernate_sequence'), 'JODAM E.A LIMITED', '113726', 'P.O.BOX', 'Supplier')
2019-05-26 01:25:02.260 INFO  liquibase.executor.jvm.JdbcExecutor - INSERT INTO category (id, label, code, address, dtype) VALUES (nextval('hibernate_sequence'), 'JUBILEE INSURANCE COMPANY OF KENYA LIMITED', '2240', 'NAIROBI P.O. BOX 30376   - 00100', 'Supplier')
2019-05-26 01:25:02.261 INFO  liquibase.executor.jvm.JdbcExecutor - INSERT INTO category (id, label, code, address, dtype) VALUES (nextval('hibernate_sequence'), 'JUNIAN ENTERPRISES', '22789', 'P.O.BOX', 'Supplier')
2019-05-26 01:25:02.261 INFO  liquibase.executor.jvm.JdbcExecutor - INSERT INTO category (id, label, code, address, dtype) VALUES (nextval('hibernate_sequence'), 'KAKUSWI YOUTH POLYTECHNIC', '110905', 'P.O.BOX', 'Supplier')
2019-05-26 01:25:02.262 INFO  liquibase.executor.jvm.JdbcExecutor - INSERT INTO category (id, label, code, address, dtype) VALUES (nextval('hibernate_sequence'), 'KALZMAT SECURITY PRINT LIMITED', '7338', 'P.O.BOX', 'Supplier')
2019-05-26 01:25:02.262 INFO  liquibase.executor.jvm.JdbcExecutor - INSERT INTO category (id, label, code, address, dtype) VALUES (nextval('hibernate_sequence'), 'KAPWELL ENTERPRISES  LIMITED', '85413', 'P.O.BOX', 'Supplier')
2019-05-26 01:25:02.263 INFO  liquibase.executor.jvm.JdbcExecutor - INSERT INTO category (id, label, code, address, dtype) VALUES (nextval('hibernate_sequence'), 'KASYALA INVESTMENTs LIMITED', '137501', ' P.O BOX 28431 NAIROBI', 'Supplier')
2019-05-26 01:25:02.263 INFO  liquibase.executor.jvm.JdbcExecutor - INSERT INTO category (id, label, code, address, dtype) VALUES (nextval('hibernate_sequence'), 'KATHONZWENI YOUTH POLYTECHNIC', '100560', 'MAKUENI', 'Supplier')
2019-05-26 01:25:02.264 INFO  liquibase.executor.jvm.JdbcExecutor - INSERT INTO category (id, label, code, address, dtype) VALUES (nextval('hibernate_sequence'), 'KATUTECH FAIR PRIZES', '135691', 'P.O.BOX', 'Supplier')
2019-05-26 01:25:02.265 INFO  liquibase.executor.jvm.JdbcExecutor - INSERT INTO category (id, label, code, address, dtype) VALUES (nextval('hibernate_sequence'), 'KENTAINERS LIMITED', '7077', ' P.O. BOX', 'Supplier')
2019-05-26 01:25:02.265 INFO  liquibase.executor.jvm.JdbcExecutor - INSERT INTO category (id, label, code, address, dtype) VALUES (nextval('hibernate_sequence'), 'KENYA ACCOUNTANTS AND SECRETARIES NATIONAL EXAMINATION BOARD', '4790', 'MAKUENI', 'Supplier')
2019-05-26 01:25:02.266 INFO  liquibase.executor.jvm.JdbcExecutor - INSERT INTO category (id, label, code, address, dtype) VALUES (nextval('hibernate_sequence'), 'KENYA AGRICULTURAL RESEARCH INSTITUTE', '7630', 'P.O.BOX', 'Supplier')
2019-05-26 01:25:02.266 INFO  liquibase.executor.jvm.JdbcExecutor - INSERT INTO category (id, label, code, address, dtype) VALUES (nextval('hibernate_sequence'), 'KENYA ASSOCIATION OF LIVESTOCK TECHNICIAN', '29600', 'P.O.BOX', 'Supplier')
2019-05-26 01:25:02.267 INFO  liquibase.executor.jvm.JdbcExecutor - INSERT INTO category (id, label, code, address, dtype) VALUES (nextval('hibernate_sequence'), 'KENYA ASSOCIATION OF RADIOGRAPHY', '25479', 'P.O.BOX', 'Supplier')
2019-05-26 01:25:02.267 INFO  liquibase.executor.jvm.JdbcExecutor - INSERT INTO category (id, label, code, address, dtype) VALUES (nextval('hibernate_sequence'), 'KENYA BROADCASTING CORPORATION', '1541', 'P.O.BOX', 'Supplier')
2019-05-26 01:25:02.267 INFO  liquibase.executor.jvm.JdbcExecutor - INSERT INTO category (id, label, code, address, dtype) VALUES (nextval('hibernate_sequence'), 'KENYA COMMERCIAL  BANK LIMITED', '26826', ' PO BOX 572- WOTE   - 90137', 'Supplier')
2019-05-26 01:25:02.268 INFO  liquibase.executor.jvm.JdbcExecutor - INSERT INTO category (id, label, code, address, dtype) VALUES (nextval('hibernate_sequence'), 'KENYA COMMERCIAL BANK  LIMITED', '2121', 'P.O.BOX', 'Supplier')
2019-05-26 01:25:02.268 INFO  liquibase.executor.jvm.JdbcExecutor - INSERT INTO category (id, label, code, address, dtype) VALUES (nextval('hibernate_sequence'), 'KENYA FORESTRY RESEARCH INSTITUTE', '36279', 'P.O.BOX', 'Supplier')
2019-05-26 01:25:02.269 INFO  liquibase.executor.jvm.JdbcExecutor - INSERT INTO category (id, label, code, address, dtype) VALUES (nextval('hibernate_sequence'), 'KENYA HOSPITAL ASSOCIATION', '47168', 'P.O BOX', 'Supplier')
2019-05-26 01:25:02.269 INFO  liquibase.executor.jvm.JdbcExecutor - INSERT INTO category (id, label, code, address, dtype) VALUES (nextval('hibernate_sequence'), 'KENYA MANAGEMENT AND TRAINING CONSULTANTS', '528', 'MAKUENI', 'Supplier')
2019-05-26 01:25:02.270 INFO  liquibase.executor.jvm.JdbcExecutor - INSERT INTO category (id, label, code, address, dtype) VALUES (nextval('hibernate_sequence'), 'KENYA MEDICAL PRACTITIONERS PHARMARCISTS AND DENTISTS UNION', '143719', 'NAIROBI P.O. BOX 157   - 00202', 'Supplier')
2019-05-26 01:25:02.270 INFO  liquibase.executor.jvm.JdbcExecutor - INSERT INTO category (id, label, code, address, dtype) VALUES (nextval('hibernate_sequence'), 'KENYA METHODIST UNIVERSITY', '4158', 'P.O.BOX', 'Supplier')
2019-05-26 01:25:02.271 INFO  liquibase.executor.jvm.JdbcExecutor - INSERT INTO category (id, label, code, address, dtype) VALUES (nextval('hibernate_sequence'), 'KENYA NATIONAL SECRETARIES ASSOCIATION', '102963', 'P.O.BOX', 'Supplier')
2019-05-26 01:25:02.271 INFO  liquibase.executor.jvm.JdbcExecutor - INSERT INTO category (id, label, code, address, dtype) VALUES (nextval('hibernate_sequence'), 'KENYA PLASTERS ASSOCIATION', '25484', 'P.O.BOX', 'Supplier')
2019-05-26 01:25:02.272 INFO  liquibase.executor.jvm.JdbcExecutor - INSERT INTO category (id, label, code, address, dtype) VALUES (nextval('hibernate_sequence'), 'KENYA POST OFFICE SAVINGS BANK', '21068', 'P.O.BOX', 'Supplier')
2019-05-26 01:25:02.272 INFO  liquibase.executor.jvm.JdbcExecutor - INSERT INTO category (id, label, code, address, dtype) VALUES (nextval('hibernate_sequence'), 'KENYA POWER AND LIGHTING COMPANY LIMITED', '1022', ' P.O.NAIROBI', 'Supplier')
2019-05-26 01:25:02.273 INFO  liquibase.executor.jvm.JdbcExecutor - INSERT INTO category (id, label, code, address, dtype) VALUES (nextval('hibernate_sequence'), 'KENYA RED CROSS SOCIETY', '129540', 'P.O. BOX', 'Supplier')
2019-05-26 01:25:02.273 INFO  liquibase.executor.jvm.JdbcExecutor - INSERT INTO category (id, label, code, address, dtype) VALUES (nextval('hibernate_sequence'), 'KENYA SAFARI LODGES AND HOTELS', '38525', 'PO BOX 90414   - 80100', 'Supplier')
2019-05-26 01:25:02.273 INFO  liquibase.executor.jvm.JdbcExecutor - INSERT INTO category (id, label, code, address, dtype) VALUES (nextval('hibernate_sequence'), 'KENYA SCHOOL OF GOVERNMENT EMBU', '11397', 'P.O BOX402 60100 EMBU', 'Supplier')
2019-05-26 01:25:02.274 INFO  liquibase.executor.jvm.JdbcExecutor - INSERT INTO category (id, label, code, address, dtype) VALUES (nextval('hibernate_sequence'), 'KENYA SCHOOL OF MONETARY STUDIES', '1659', 'P.O BOX', 'Supplier')
2019-05-26 01:25:02.274 INFO  liquibase.executor.jvm.JdbcExecutor - INSERT INTO category (id, label, code, address, dtype) VALUES (nextval('hibernate_sequence'), 'KENYA SOCIETY OF PHYSIOTHERAPISTS', '25485', 'P.O.BOX', 'Supplier')
2019-05-26 01:25:02.275 INFO  liquibase.executor.jvm.JdbcExecutor - INSERT INTO category (id, label, code, address, dtype) VALUES (nextval('hibernate_sequence'), 'KENYATTA  NATIONAL HOSPITAL', '25589', 'P.O.BOX', 'Supplier')
2019-05-26 01:25:02.275 INFO  liquibase.executor.jvm.JdbcExecutor - INSERT INTO category (id, label, code, address, dtype) VALUES (nextval('hibernate_sequence'), 'KENYATTA MATIBABU SACCO', '25473', 'P.O.BOX', 'Supplier')
2019-05-26 01:25:02.275 INFO  liquibase.executor.jvm.JdbcExecutor - INSERT INTO category (id, label, code, address, dtype) VALUES (nextval('hibernate_sequence'), 'KENYATTA UNIVERSITY NORTH COAST BEACH HOTEL', '104589', 'P.O. BOX', 'Supplier')
2019-05-26 01:25:02.276 INFO  liquibase.executor.jvm.JdbcExecutor - INSERT INTO category (id, label, code, address, dtype) VALUES (nextval('hibernate_sequence'), 'KEW CREATIONS LIMITED', '10626', 'P.O.BOX', 'Supplier')
2019-05-26 01:25:02.276 INFO  liquibase.executor.jvm.JdbcExecutor - INSERT INTO category (id, label, code, address, dtype) VALUES (nextval('hibernate_sequence'), 'KITALE KILIMO STAFF SELF HELP GROUP', '7656', 'P.O.BOX', 'Supplier')
2019-05-26 01:25:02.277 INFO  liquibase.executor.jvm.JdbcExecutor - INSERT INTO category (id, label, code, address, dtype) VALUES (nextval('hibernate_sequence'), 'KITUI TEACHERS SACCO LIMITED', '19756', 'P.O.BOX', 'Supplier')
2019-05-26 01:25:02.277 INFO  liquibase.executor.jvm.JdbcExecutor - INSERT INTO category (id, label, code, address, dtype) VALUES (nextval('hibernate_sequence'), 'KONNEXION SYSTEMS LIMITED', '104385', ' MAKUENI', 'Supplier')
2019-05-26 01:25:02.277 INFO  liquibase.executor.jvm.JdbcExecutor - INSERT INTO category (id, label, code, address, dtype) VALUES (nextval('hibernate_sequence'), 'KUKOPESHA KENYA LIMITED', '22658', 'NAIROBI P.O.BOX 55466   - 00200', 'Supplier')
2019-05-26 01:25:02.278 INFO  liquibase.executor.jvm.JdbcExecutor - INSERT INTO category (id, label, code, address, dtype) VALUES (nextval('hibernate_sequence'), 'KYULULINE ENTERPRISES', '134321', 'P.O BOX 73966   - 00200', 'Supplier')
2019-05-26 01:25:02.278 INFO  liquibase.executor.jvm.JdbcExecutor - INSERT INTO category (id, label, code, address, dtype) VALUES (nextval('hibernate_sequence'), 'LAYTON INTERNATIONAL SUPPLIES', '145427', 'P.O BOX 53361  NAIROBI - 00200', 'Supplier')
2019-05-26 01:25:02.278 INFO  liquibase.executor.jvm.JdbcExecutor - INSERT INTO category (id, label, code, address, dtype) VALUES (nextval('hibernate_sequence'), 'LEGIS POLICY ASSOCIATES', '109886', '70728   - 00400', 'Supplier')
2019-05-26 01:25:02.279 INFO  liquibase.executor.jvm.JdbcExecutor - INSERT INTO category (id, label, code, address, dtype) VALUES (nextval('hibernate_sequence'), 'LETSHEGO KENYA LIMITED', '128378', 'P.O.BOX', 'Supplier')
2019-05-26 01:25:02.279 INFO  liquibase.executor.jvm.JdbcExecutor - INSERT INTO category (id, label, code, address, dtype) VALUES (nextval('hibernate_sequence'), 'LIZSOL CHEM COMPANY LIMITED', '101279', 'P.O.BOX', 'Supplier')
2019-05-26 01:25:02.280 INFO  liquibase.executor.jvm.JdbcExecutor - INSERT INTO category (id, label, code, address, dtype) VALUES (nextval('hibernate_sequence'), 'MACHAKOS UNIVERSITY COLLEGE', '146059', 'P.O. BOX 136 KONZA/WOTE ROAD   - 90100', 'Supplier')
2019-05-26 01:25:02.280 INFO  liquibase.executor.jvm.JdbcExecutor - INSERT INTO category (id, label, code, address, dtype) VALUES (nextval('hibernate_sequence'), 'MAKUENI YOUTH POLYTECHNIC', '100565', 'MAKUENI', 'Supplier')
2019-05-26 01:25:02.281 INFO  liquibase.executor.jvm.JdbcExecutor - INSERT INTO category (id, label, code, address, dtype) VALUES (nextval('hibernate_sequence'), 'MARAWAYS TOURS TRAVEL LIMITED', '24420', ' P.O BOX', 'Supplier')
2019-05-26 01:25:02.281 INFO  liquibase.executor.jvm.JdbcExecutor - INSERT INTO category (id, label, code, address, dtype) VALUES (nextval('hibernate_sequence'), 'MARONY TRAVEL AGENCIES', '145938', 'P.O.BOX', 'Supplier')
2019-05-26 01:25:02.282 INFO  liquibase.executor.jvm.JdbcExecutor - INSERT INTO category (id, label, code, address, dtype) VALUES (nextval('hibernate_sequence'), 'MARSON INTERGRATED LIMITED', '142934', ' P.O. BOX', 'Supplier')
2019-05-26 01:25:02.282 INFO  liquibase.executor.jvm.JdbcExecutor - INSERT INTO category (id, label, code, address, dtype) VALUES (nextval('hibernate_sequence'), 'MAWE-NA-ANDU COMPANY LIMITED', '146208', 'P.O.BOX', 'Supplier')
2019-05-26 01:25:02.283 INFO  liquibase.executor.jvm.JdbcExecutor - INSERT INTO category (id, label, code, address, dtype) VALUES (nextval('hibernate_sequence'), 'MAZINGIRA WELFARE AND SPORTS ASSOCIATION', '1374', 'P.O.BOX', 'Supplier')
2019-05-26 01:25:02.283 INFO  liquibase.executor.jvm.JdbcExecutor - INSERT INTO category (id, label, code, address, dtype) VALUES (nextval('hibernate_sequence'), 'MEDIAMAX NETWORK LIMITED', '110464', ' P.O BOX 103618   - 00100', 'Supplier')
2019-05-26 01:25:02.283 INFO  liquibase.executor.jvm.JdbcExecutor - INSERT INTO category (id, label, code, address, dtype) VALUES (nextval('hibernate_sequence'), 'MEDIPHARM E.A. LIMITED', '67006', 'P.O.BOX', 'Supplier')
2019-05-26 01:25:02.284 INFO  liquibase.executor.jvm.JdbcExecutor - INSERT INTO category (id, label, code, address, dtype) VALUES (nextval('hibernate_sequence'), 'MFI DOCUMENT SOLUTIONS LIMITED', '91', 'P.O.BOX', 'Supplier')
2019-05-26 01:25:02.284 INFO  liquibase.executor.jvm.JdbcExecutor - INSERT INTO category (id, label, code, address, dtype) VALUES (nextval('hibernate_sequence'), 'MIMA BOOKS LIMITED', '40392', ' PO BOX 27622 NAIRIBI   - 0100', 'Supplier')
2019-05-26 01:25:02.285 INFO  liquibase.executor.jvm.JdbcExecutor - INSERT INTO category (id, label, code, address, dtype) VALUES (nextval('hibernate_sequence'), 'MODERN DATA CABLES TECHNOLOGIES LIMITED', '128116', 'P.O.BOX', 'Supplier')
2019-05-26 01:25:02.285 INFO  liquibase.executor.jvm.JdbcExecutor - INSERT INTO category (id, label, code, address, dtype) VALUES (nextval('hibernate_sequence'), 'MOI TEACHING AND REFERRAL HOSPITAL', '13552', 'MAKUENI', 'Supplier')
2019-05-26 01:25:02.286 INFO  liquibase.executor.jvm.JdbcExecutor - INSERT INTO category (id, label, code, address, dtype) VALUES (nextval('hibernate_sequence'), 'MOMBASA BEACH HOTEL', '19072', 'P.O BOX 90414   - 80100', 'Supplier')
2019-05-26 01:25:02.286 INFO  liquibase.executor.jvm.JdbcExecutor - INSERT INTO category (id, label, code, address, dtype) VALUES (nextval('hibernate_sequence'), 'MWALIMU SAVINGS AND CREDIT COOPERATIVE SOCIETY LIMITED', '2229', 'P.O.BOX', 'Supplier')
2019-05-26 01:25:02.287 INFO  liquibase.executor.jvm.JdbcExecutor - INSERT INTO category (id, label, code, address, dtype) VALUES (nextval('hibernate_sequence'), 'NAIMA ENTERPRISES', '39422', 'P.O.BOX', 'Supplier')
2019-05-26 01:25:02.287 INFO  liquibase.executor.jvm.JdbcExecutor - INSERT INTO category (id, label, code, address, dtype) VALUES (nextval('hibernate_sequence'), 'NAIROBI PROVINCIAL CO-OPERATIVE OFFICE', '57793', 'P.O.BOX', 'Supplier')
2019-05-26 01:25:02.288 INFO  liquibase.executor.jvm.JdbcExecutor - INSERT INTO category (id, label, code, address, dtype) VALUES (nextval('hibernate_sequence'), 'NATION MEDIA GROUP LIMITED', '73', 'P.O.BOX', 'Supplier')
2019-05-26 01:25:02.288 INFO  liquibase.executor.jvm.JdbcExecutor - INSERT INTO category (id, label, code, address, dtype) VALUES (nextval('hibernate_sequence'), 'NATIONAL ASSOCIATION FOR ORTHOPAEDIC TECHNOLOGISTS', '25487', 'P.O.BOX', 'Supplier')
2019-05-26 01:25:02.289 INFO  liquibase.executor.jvm.JdbcExecutor - INSERT INTO category (id, label, code, address, dtype) VALUES (nextval('hibernate_sequence'), 'NATIONAL BANK', '7628', 'P.O. BOX', 'Supplier')
2019-05-26 01:25:02.289 INFO  liquibase.executor.jvm.JdbcExecutor - INSERT INTO category (id, label, code, address, dtype) VALUES (nextval('hibernate_sequence'), 'NATIONAL INDUSTRIAL TRAINING AUTHORITY', '5811', 'PO BOX 572- WOTE   - 90137', 'Supplier')
2019-05-26 01:25:02.289 INFO  liquibase.executor.jvm.JdbcExecutor - INSERT INTO category (id, label, code, address, dtype) VALUES (nextval('hibernate_sequence'), 'NATIONAL SOCIAL SECURITY FUND', '2914', 'PO BOX 572- WOTE   - 90137', 'Supplier')
2019-05-26 01:25:02.290 INFO  liquibase.executor.jvm.JdbcExecutor - INSERT INTO category (id, label, code, address, dtype) VALUES (nextval('hibernate_sequence'), 'NATRON ENTERPRISES', '114994', '21   - 90200', 'Supplier')
2019-05-26 01:25:02.290 INFO  liquibase.executor.jvm.JdbcExecutor - INSERT INTO category (id, label, code, address, dtype) VALUES (nextval('hibernate_sequence'), 'NATSAH ENTERPRISES', '135899', 'P.O.BOX', 'Supplier')
2019-05-26 01:25:02.291 INFO  liquibase.executor.jvm.JdbcExecutor - INSERT INTO category (id, label, code, address, dtype) VALUES (nextval('hibernate_sequence'), 'NEWFORTIS SAVINGS AND CREDIT COOPERATIVE SOCIETY LIMITED', '6674', ' MAKUENI', 'Supplier')
2019-05-26 01:25:02.291 INFO  liquibase.executor.jvm.JdbcExecutor - INSERT INTO category (id, label, code, address, dtype) VALUES (nextval('hibernate_sequence'), 'NGAO CREDIT LIMITED', '139429', ' P.O. BOX 60776   - 00200', 'Supplier')
2019-05-26 01:25:02.291 INFO  liquibase.executor.jvm.JdbcExecutor - INSERT INTO category (id, label, code, address, dtype) VALUES (nextval('hibernate_sequence'), 'NGETHA YOUTH POLYTECHNIC', '142247', 'P.O.BOX', 'Supplier')
2019-05-26 01:25:02.292 INFO  liquibase.executor.jvm.JdbcExecutor - INSERT INTO category (id, label, code, address, dtype) VALUES (nextval('hibernate_sequence'), 'NYALI SUN AFRICA BEACH HOTEL', '101073', 'P.O. BOX', 'Supplier')
2019-05-26 01:25:02.292 INFO  liquibase.executor.jvm.JdbcExecutor - INSERT INTO category (id, label, code, address, dtype) VALUES (nextval('hibernate_sequence'), 'OFFICE TECHNOLOGIES LIMITED', '1171', ' P.O. BOX', 'Supplier')
2019-05-26 01:25:02.293 INFO  liquibase.executor.jvm.JdbcExecutor - INSERT INTO category (id, label, code, address, dtype) VALUES (nextval('hibernate_sequence'), 'OLD MUTUAL LIFE ASSURANCE COMPANY LIMITED', '106093', 'P.O.BOX', 'Supplier')
2019-05-26 01:25:02.293 INFO  liquibase.executor.jvm.JdbcExecutor - INSERT INTO category (id, label, code, address, dtype) VALUES (nextval('hibernate_sequence'), 'PAKAKAK TECHNOLOGIES', '131375', 'P.O BOX', 'Supplier')
2019-05-26 01:25:02.294 INFO  liquibase.executor.jvm.JdbcExecutor - INSERT INTO category (id, label, code, address, dtype) VALUES (nextval('hibernate_sequence'), 'PAN AFRICAN LIFE ASSURANCE LIMITED', '7008', ' PO BOX   - 00100', 'Supplier')
2019-05-26 01:25:02.294 INFO  liquibase.executor.jvm.JdbcExecutor - INSERT INTO category (id, label, code, address, dtype) VALUES (nextval('hibernate_sequence'), 'PATULA ENTERPRISES', '93110', 'P.O BOX 25489,0721 250 73', 'Supplier')
2019-05-26 01:25:02.295 INFO  liquibase.executor.jvm.JdbcExecutor - INSERT INTO category (id, label, code, address, dtype) VALUES (nextval('hibernate_sequence'), 'PHARMACEUTICAL SOCIETY OF KENYA', '147874', 'P.O.BOX', 'Supplier')
2019-05-26 01:25:02.295 INFO  liquibase.executor.jvm.JdbcExecutor - INSERT INTO category (id, label, code, address, dtype) VALUES (nextval('hibernate_sequence'), 'PINNACLE BUSINESS SCHOOL LIMITED', '24883', 'P.O.BOX', 'Supplier')
2019-05-26 01:25:02.295 INFO  liquibase.executor.jvm.JdbcExecutor - INSERT INTO category (id, label, code, address, dtype) VALUES (nextval('hibernate_sequence'), 'PIONEER ASSURANCE COMPANY LIMITED', '17305', ' PO BOX   - 00100', 'Supplier')
2019-05-26 01:25:02.296 INFO  liquibase.executor.jvm.JdbcExecutor - INSERT INTO category (id, label, code, address, dtype) VALUES (nextval('hibernate_sequence'), 'PLATINUM CREDIT LIMITED', '371', 'P.O.BOX', 'Supplier')
2019-05-26 01:25:02.296 INFO  liquibase.executor.jvm.JdbcExecutor - INSERT INTO category (id, label, code, address, dtype) VALUES (nextval('hibernate_sequence'), 'PONELA KENYA LIMITED', '108800', 'P.O.BOX', 'Supplier')
2019-05-26 01:25:02.297 INFO  liquibase.executor.jvm.JdbcExecutor - INSERT INTO category (id, label, code, address, dtype) VALUES (nextval('hibernate_sequence'), 'POPULAR GENERAL SUPPLIERS', '60435', 'P.O.BOX', 'Supplier')
2019-05-26 01:25:02.297 INFO  liquibase.executor.jvm.JdbcExecutor - INSERT INTO category (id, label, code, address, dtype) VALUES (nextval('hibernate_sequence'), 'POSTAL CORPORATION OF KENYA', '11176', 'PO BOX', 'Supplier')
2019-05-26 01:25:02.297 INFO  liquibase.executor.jvm.JdbcExecutor - INSERT INTO category (id, label, code, address, dtype) VALUES (nextval('hibernate_sequence'), 'POTENTIAL CONSULTANTS COMPANY LIMITED', '128099', 'P.O.BOX', 'Supplier')
2019-05-26 01:25:02.297 INFO  liquibase.executor.jvm.JdbcExecutor - INSERT INTO category (id, label, code, address, dtype) VALUES (nextval('hibernate_sequence'), 'SIZEMADO SERVICES', '135665', 'P.O.BOX', 'Supplier')
2019-05-26 01:25:02.298 INFO  liquibase.executor.jvm.JdbcExecutor - INSERT INTO category (id, label, code, address, dtype) VALUES (nextval('hibernate_sequence'), 'SMOOTHTEL AND DATA SOLUTIONS LIMITED', '12090', 'P.O.BOX', 'Supplier')
2019-05-26 01:25:02.299 INFO  liquibase.executor.jvm.JdbcExecutor - INSERT INTO category (id, label, code, address, dtype) VALUES (nextval('hibernate_sequence'), 'STANDARD GROUP LIMITED', '29054', ' MAKUENI', 'Supplier')
2019-05-26 01:25:02.299 INFO  liquibase.executor.jvm.JdbcExecutor - INSERT INTO category (id, label, code, address, dtype) VALUES (nextval('hibernate_sequence'), 'STEM TEC LIMITED', '148925', 'P.O.BOX', 'Supplier')
2019-05-26 01:25:02.299 INFO  liquibase.executor.jvm.JdbcExecutor - INSERT INTO category (id, label, code, address, dtype) VALUES (nextval('hibernate_sequence'), 'STEP AUTO TYRES & ACCESSORIES', '67678', 'P.O.BOX', 'Supplier')
2019-05-26 01:25:02.300 INFO  liquibase.executor.jvm.JdbcExecutor - INSERT INTO category (id, label, code, address, dtype) VALUES (nextval('hibernate_sequence'), 'STIRLING CONSULTANTS', '81521', 'MAKUENI', 'Supplier')
2019-05-26 01:25:02.300 INFO  liquibase.executor.jvm.JdbcExecutor - INSERT INTO category (id, label, code, address, dtype) VALUES (nextval('hibernate_sequence'), 'STRATHMORE UNIVERSITY BUSINESS SCHOOL', '50237', 'PO', 'Supplier')
2019-05-26 01:25:02.300 INFO  liquibase.executor.jvm.JdbcExecutor - INSERT INTO category (id, label, code, address, dtype) VALUES (nextval('hibernate_sequence'), 'SUBARU KENYA', '25990', 'P.O.BOX', 'Supplier')
2019-05-26 01:25:02.301 INFO  liquibase.executor.jvm.JdbcExecutor - INSERT INTO category (id, label, code, address, dtype) VALUES (nextval('hibernate_sequence'), 'SUNSET HOTEL LIMITED', '12588', ' p.o box 215', 'Supplier')
2019-05-26 01:25:02.301 INFO  liquibase.executor.jvm.JdbcExecutor - INSERT INTO category (id, label, code, address, dtype) VALUES (nextval('hibernate_sequence'), 'SWIFTCODE GLOBAL ENTERPRISES', '136807', 'P.O BOX 60580  NAIROBI - 00200', 'Supplier')
2019-05-26 01:25:02.301 INFO  liquibase.executor.jvm.JdbcExecutor - INSERT INTO category (id, label, code, address, dtype) VALUES (nextval('hibernate_sequence'), 'TECHNOLOGY ASSOCIATES (EA) LIMITED', '50241', ' CHIROMO RD  NAIROBI - P.O BOX 43457', 'Supplier')
2019-05-26 01:25:02.302 INFO  liquibase.executor.jvm.JdbcExecutor - INSERT INTO category (id, label, code, address, dtype) VALUES (nextval('hibernate_sequence'), 'TELEDATA TECHNOLOGIES LIMITED', '29326', ' P.O.BOX 40826', 'Supplier')
2019-05-26 01:25:02.302 INFO  liquibase.executor.jvm.JdbcExecutor - INSERT INTO category (id, label, code, address, dtype) VALUES (nextval('hibernate_sequence'), 'TELKOM KENYA LIMITED', '1108', 'P.O.BOX', 'Supplier')
2019-05-26 01:25:02.303 INFO  liquibase.executor.jvm.JdbcExecutor - INSERT INTO category (id, label, code, address, dtype) VALUES (nextval('hibernate_sequence'), 'TENTNOLOGY AND DECOR LIMITED', '112275', 'P.O.BOX', 'Supplier')
2019-05-26 01:25:02.303 INFO  liquibase.executor.jvm.JdbcExecutor - INSERT INTO category (id, label, code, address, dtype) VALUES (nextval('hibernate_sequence'), 'THE AUTOMOBILE ASSOCIATION OF KENYA', '4089', 'P.O BOX 40087   - 00100', 'Supplier')
2019-05-26 01:25:02.303 INFO  liquibase.executor.jvm.JdbcExecutor - INSERT INTO category (id, label, code, address, dtype) VALUES (nextval('hibernate_sequence'), 'THE HERITAGE INSURANCE COMPANY LIMITED', '116858', 'P.O.BOX', 'Supplier')
2019-05-26 01:25:02.304 INFO  liquibase.executor.jvm.JdbcExecutor - INSERT INTO category (id, label, code, address, dtype) VALUES (nextval('hibernate_sequence'), 'THE INSTITUTE OF CERTIFIED PUBLIC SECRETARIES OF KENYA', '1411', 'P.O.BOX', 'Supplier')
2019-05-26 01:25:02.304 INFO  liquibase.executor.jvm.JdbcExecutor - INSERT INTO category (id, label, code, address, dtype) VALUES (nextval('hibernate_sequence'), 'THE KENYAN ALLIANCE INSURANCE COMPANY LIMITED', '10257', 'P.O.BOX', 'Supplier')
2019-05-26 01:25:02.305 INFO  liquibase.executor.jvm.JdbcExecutor - INSERT INTO category (id, label, code, address, dtype) VALUES (nextval('hibernate_sequence'), 'THE MONARCH INSURANCE COMPANY LIMITED', '52443', ' MAKUENI', 'Supplier')
2019-05-26 01:25:02.305 INFO  liquibase.executor.jvm.JdbcExecutor - INSERT INTO category (id, label, code, address, dtype) VALUES (nextval('hibernate_sequence'), 'THE PEOPLE MEDIA GROUP LIMITED', '250', ' P.O BOX 24943   - 000100', 'Supplier')
2019-05-26 01:25:02.305 INFO  liquibase.executor.jvm.JdbcExecutor - INSERT INTO category (id, label, code, address, dtype) VALUES (nextval('hibernate_sequence'), 'THE STANDARD GROUP LIMITED', '132', 'P.O.BOX', 'Supplier')
2019-05-26 01:25:02.306 INFO  liquibase.executor.jvm.JdbcExecutor - INSERT INTO category (id, label, code, address, dtype) VALUES (nextval('hibernate_sequence'), 'TIBYATEC SYSTEMS', '111062', 'NAKU FEEDS PLAZA P.O.BOX 10684 JOGOO ROAD NAIROBI - 00200', 'Supplier')
2019-05-26 01:25:02.306 INFO  liquibase.executor.jvm.JdbcExecutor - INSERT INTO category (id, label, code, address, dtype) VALUES (nextval('hibernate_sequence'), 'TILE AND CARPET CENTRE LIMITED', '1013', ' P.O. BOX', 'Supplier')
2019-05-26 01:25:02.306 INFO  liquibase.executor.jvm.JdbcExecutor - INSERT INTO category (id, label, code, address, dtype) VALUES (nextval('hibernate_sequence'), 'TOTAL KENYA LIMITED', '15353', 'PO BOX 30736 TOTAL KENYA LIMITED   - 00100', 'Supplier')
2019-05-26 01:25:02.307 INFO  liquibase.executor.jvm.JdbcExecutor - INSERT INTO category (id, label, code, address, dtype) VALUES (nextval('hibernate_sequence'), 'TOYOTA KENYA  LIMITED', '503', ' p.o box 82048   - 80100', 'Supplier')
2019-05-26 01:25:02.307 INFO  liquibase.executor.jvm.JdbcExecutor - INSERT INTO category (id, label, code, address, dtype) VALUES (nextval('hibernate_sequence'), 'TRANS NATION SACCO LIMITED', '11742', 'P.O.BOX', 'Supplier')
2019-05-26 01:25:02.307 INFO  liquibase.executor.jvm.JdbcExecutor - INSERT INTO category (id, label, code, address, dtype) VALUES (nextval('hibernate_sequence'), 'TRAVELLERS BEACH HOTEL', '5880', 'PO BOX 572', 'Supplier')
2019-05-26 01:25:02.308 INFO  liquibase.executor.jvm.JdbcExecutor - INSERT INTO category (id, label, code, address, dtype) VALUES (nextval('hibernate_sequence'), 'TRIZA INVESTMENTS', '113575', 'P.O. BOX 60132  NAIROBI  ', 'Supplier')
2019-05-26 01:25:02.308 INFO  liquibase.executor.jvm.JdbcExecutor - INSERT INTO category (id, label, code, address, dtype) VALUES (nextval('hibernate_sequence'), 'UAP PROVINCIAL INSURANCE COMPANY', '47777', 'P.O. BOX', 'Supplier')
2019-05-26 01:25:02.308 INFO  liquibase.executor.jvm.JdbcExecutor - INSERT INTO category (id, label, code, address, dtype) VALUES (nextval('hibernate_sequence'), 'UFUNDI SACCO', '10087', 'P.O.BOX', 'Supplier')
2019-05-26 01:25:02.309 INFO  liquibase.executor.jvm.JdbcExecutor - INSERT INTO category (id, label, code, address, dtype) VALUES (nextval('hibernate_sequence'), 'UKULIMA  SACCO SOCIETY LIMITED', '21979', 'NAIROBI P.O. BOX 44071   - 00100', 'Supplier')
2019-05-26 01:25:02.309 INFO  liquibase.executor.jvm.JdbcExecutor - INSERT INTO category (id, label, code, address, dtype) VALUES (nextval('hibernate_sequence'), 'UNION OF KENYA CIVIL SERVANTS', '7672', 'NAIROBI P.O. BOX 48083   - 00100', 'Supplier')
2019-05-26 01:25:02.309 INFO  liquibase.executor.jvm.JdbcExecutor - INSERT INTO category (id, label, code, address, dtype) VALUES (nextval('hibernate_sequence'), 'UPPER HILL SCHOOL', '109016', 'P.O BOX', 'Supplier')
2019-05-26 01:25:02.310 INFO  liquibase.executor.jvm.JdbcExecutor - INSERT INTO category (id, label, code, address, dtype) VALUES (nextval('hibernate_sequence'), 'VAITOO ENTERPRISES', '141887', 'P.O.BOX', 'Supplier')
2019-05-26 01:25:02.310 INFO  liquibase.executor.jvm.JdbcExecutor - INSERT INTO category (id, label, code, address, dtype) VALUES (nextval('hibernate_sequence'), 'VEKARIA AUTO GARAGE LIMITED', '128467', 'P.O.BOX', 'Supplier')
2019-05-26 01:25:02.311 INFO  liquibase.executor.jvm.JdbcExecutor - INSERT INTO category (id, label, code, address, dtype) VALUES (nextval('hibernate_sequence'), 'VICTORIA FURNITURES LIMITED', '748', ' P.O BOX 10827   - 00400', 'Supplier')
2019-05-26 01:25:02.311 INFO  liquibase.executor.jvm.JdbcExecutor - INSERT INTO category (id, label, code, address, dtype) VALUES (nextval('hibernate_sequence'), 'VINFACE GENERAL AGENCIES LIMITED', '135202', '"P.O.BOX 56702-00200 BURUBURU MESORA MUMIAS STREET,  NAIROBI  "', 'Supplier')
2019-05-26 01:25:02.311 INFO  liquibase.executor.jvm.JdbcExecutor - INSERT INTO category (id, label, code, address, dtype) VALUES (nextval('hibernate_sequence'), 'VISION 2030 DELIVERY SECRETARIAT', '106276', 'P.O BOX', 'Supplier')
2019-05-26 01:25:02.312 INFO  liquibase.executor.jvm.JdbcExecutor - INSERT INTO category (id, label, code, address, dtype) VALUES (nextval('hibernate_sequence'), 'VISION INSTITUTE OF PROFESSIONALS', '6158', 'MAKUENI', 'Supplier')
2019-05-26 01:25:02.312 INFO  liquibase.executor.jvm.JdbcExecutor - INSERT INTO category (id, label, code, address, dtype) VALUES (nextval('hibernate_sequence'), 'WAMBUA KAWIVE', '142177', 'MAKUENI', 'Supplier')
2019-05-26 01:25:02.313 INFO  liquibase.executor.jvm.JdbcExecutor - INSERT INTO category (id, label, code, address, dtype) VALUES (nextval('hibernate_sequence'), 'WANAANGA SAVINGS AND CREDIT COOPERATIVE SOCIETY LIMITED', '7491', 'P.O.BOX', 'Supplier')
2019-05-26 01:25:02.313 INFO  liquibase.executor.jvm.JdbcExecutor - INSERT INTO category (id, label, code, address, dtype) VALUES (nextval('hibernate_sequence'), 'WATER RESOURCES MANAGEMENT AUTHORITY', '3577', 'MAKUENI', 'Supplier')
2019-05-26 01:25:02.313 INFO  liquibase.executor.jvm.JdbcExecutor - INSERT INTO category (id, label, code, address, dtype) VALUES (nextval('hibernate_sequence'), 'WATER WELFARE ASSOCIATION', '15690', 'MAKUENI', 'Supplier')
2019-05-26 01:25:02.314 INFO  liquibase.executor.jvm.JdbcExecutor - INSERT INTO category (id, label, code, address, dtype) VALUES (nextval('hibernate_sequence'), 'WATERWELL INTERNATIONAL K LIMITED', '143243', ' P.O. BOX', 'Supplier')
2019-05-26 01:25:02.314 INFO  liquibase.executor.jvm.JdbcExecutor - INSERT INTO category (id, label, code, address, dtype) VALUES (nextval('hibernate_sequence'), 'WAVELINE COMMERCIAL ENTERPRISES', '133784', 'P.O.BOX', 'Supplier')
2019-05-26 01:25:02.314 INFO  liquibase.executor.jvm.JdbcExecutor - INSERT INTO category (id, label, code, address, dtype) VALUES (nextval('hibernate_sequence'), 'WELLSCON LIMITED', '131306', ' MAKUENI', 'Supplier')
2019-05-26 01:25:02.314 INFO  liquibase.executor.jvm.JdbcExecutor - INSERT INTO category (id, label, code, address, dtype) VALUES (nextval('hibernate_sequence'), 'WINCOMP SERVICES LIMITED', '16318', ' P.O. BOX', 'Supplier')
2019-05-26 01:25:02.315 INFO  liquibase.executor.jvm.JdbcExecutor - INSERT INTO category (id, label, code, address, dtype) VALUES (nextval('hibernate_sequence'), 'WIPER DEMOCRATIC MOVEMENT-KENYA (WDM-K)', '145609', 'PO BOX 572- WOTE   - 90137', 'Supplier')
2019-05-26 01:25:02.315 INFO  liquibase.executor.jvm.JdbcExecutor - INSERT INTO category (id, label, code, address, dtype) VALUES (nextval('hibernate_sequence'), 'WOODVENTURE KENYA LIMITED', '3404', 'NAIROBI P.O.BOX 52932   - 00202', 'Supplier')
2019-05-26 01:25:02.316 INFO  liquibase.executor.jvm.JdbcExecutor - INSERT INTO category (id, label, code, address, dtype) VALUES (nextval('hibernate_sequence'), 'WOTE TECHNICAL TRAINING INSTITUTE', '99110', 'P.O. BOX', 'Supplier')
2019-05-26 01:25:02.316 INFO  liquibase.executor.jvm.JdbcExecutor - INSERT INTO category (id, label, code, address, dtype) VALUES (nextval('hibernate_sequence'), 'WOTE WATER AND SEWERAGE COMPANY', '138148', 'P.O.BOX', 'Supplier')
2019-05-26 01:25:02.317 INFO  liquibase.executor.jvm.JdbcExecutor - INSERT INTO category (id, label, code, address, dtype) VALUES (nextval('hibernate_sequence'), 'WOTECH KENYA LIMITED', '115130', 'P.O.BOX', 'Supplier')
2019-05-26 01:25:02.317 INFO  liquibase.changelog.ChangeSet - SQL in file Metadata1.sql executed
2019-05-26 01:25:02.317 INFO  liquibase.changelog.ChangeSet - ChangeSet classpath:liquibase-changelog.xml::OCMAKU-117::gmutuhu ran successfully in 193ms
2019-05-26 01:25:02.318 INFO  liquibase.executor.jvm.JdbcExecutor - SELECT MAX(ORDEREXECUTED) FROM public.databasechangelog
2019-05-26 01:25:02.323 INFO  liquibase.executor.jvm.JdbcExecutor - INSERT INTO public.databasechangelog (ID, AUTHOR, FILENAME, DATEEXECUTED, ORDEREXECUTED, MD5SUM, DESCRIPTION, COMMENTS, EXECTYPE, CONTEXTS, LABELS, LIQUIBASE, DEPLOYMENT_ID) VALUES ('OCMAKU-117', 'gmutuhu', 'classpath:liquibase-changelog.xml', NOW(), 11, '8:063e15b263baf352f5ca1f8c175a7345', 'sqlFile', '', 'EXECUTED', NULL, NULL, '3.6.3', '8848301993')
2019-05-26 01:25:02.325 INFO  l.lockservice.StandardLockService - Successfully released change log lock
2019-05-26 01:25:02.503 INFO  o.h.jpa.internal.util.LogHelper - HHH000204: Processing PersistenceUnitInfo [
	name: default
	...]
2019-05-26 01:25:02.608 INFO  org.hibernate.Version - HHH000412: Hibernate Core {5.3.9.Final}
2019-05-26 01:25:02.610 INFO  org.hibernate.cfg.Environment - HHH000206: hibernate.properties not found
2019-05-26 01:25:02.819 WARN  org.hibernate.orm.deprecation - HHH020100: The Ehcache second-level cache provider for Hibernate is deprecated.  See https://hibernate.atlassian.net/browse/HHH-12441 for details.
2019-05-26 01:25:02.834 INFO  o.h.annotations.common.Version - HCANN000001: Hibernate Commons Annotations {5.0.4.Final}
2019-05-26 01:25:03.059 INFO  org.hibernate.dialect.Dialect - HHH000400: Using dialect: org.hibernate.dialect.PostgreSQL9Dialect
2019-05-26 01:25:03.198 INFO  o.h.e.j.e.i.LobCreatorBuilderImpl - HHH000421: Disabling contextual LOB creation as hibernate.jdbc.lob.non_contextual_creation is true
2019-05-26 01:25:03.203 INFO  org.hibernate.type.BasicTypeRegistry - HHH000270: Type registration [java.util.UUID] overrides previous : org.hibernate.type.UUIDBinaryType@1f05d08c
2019-05-26 01:25:03.210 INFO  o.h.e.b.internal.EnversServiceImpl - Envers integration enabled? : true
2019-05-26 01:25:04.713 WARN  org.hibernate.orm.cache - HHH90001006: Missing cache[org.devgateway.toolkit.persistence.dao.form.CabinetPaper.statusComments] was created on-the-fly. The created cache will use a provider-specific default configuration: make sure you defined one. You can disable this warning by setting 'hibernate.cache.ehcache.missing_cache_strategy' to 'create'.
2019-05-26 01:25:04.721 WARN  org.hibernate.orm.cache - HHH90001006: Missing cache[org.devgateway.toolkit.persistence.dao.categories.Category] was created on-the-fly. The created cache will use a provider-specific default configuration: make sure you defined one. You can disable this warning by setting 'hibernate.cache.ehcache.missing_cache_strategy' to 'create'.
2019-05-26 01:25:04.727 WARN  org.hibernate.orm.cache - HHH90001006: Missing cache[org.devgateway.toolkit.persistence.dao.form.ProcurementPlan.statusComments] was created on-the-fly. The created cache will use a provider-specific default configuration: make sure you defined one. You can disable this warning by setting 'hibernate.cache.ehcache.missing_cache_strategy' to 'create'.
2019-05-26 01:25:04.732 WARN  org.hibernate.orm.cache - HHH90001006: Missing cache[org.devgateway.toolkit.persistence.dao.form.CabinetPaper.formDocs] was created on-the-fly. The created cache will use a provider-specific default configuration: make sure you defined one. You can disable this warning by setting 'hibernate.cache.ehcache.missing_cache_strategy' to 'create'.
2019-05-26 01:25:04.737 WARN  org.hibernate.orm.cache - HHH90001006: Missing cache[org.devgateway.toolkit.persistence.dao.form.AwardNotification.statusComments] was created on-the-fly. The created cache will use a provider-specific default configuration: make sure you defined one. You can disable this warning by setting 'hibernate.cache.ehcache.missing_cache_strategy' to 'create'.
2019-05-26 01:25:04.741 WARN  org.hibernate.orm.cache - HHH90001006: Missing cache[org.devgateway.toolkit.persistence.dao.form.ProfessionalOpinion.statusComments] was created on-the-fly. The created cache will use a provider-specific default configuration: make sure you defined one. You can disable this warning by setting 'hibernate.cache.ehcache.missing_cache_strategy' to 'create'.
2019-05-26 01:25:04.746 WARN  org.hibernate.orm.cache - HHH90001006: Missing cache[org.devgateway.toolkit.persistence.dao.form.Contract.formDocs] was created on-the-fly. The created cache will use a provider-specific default configuration: make sure you defined one. You can disable this warning by setting 'hibernate.cache.ehcache.missing_cache_strategy' to 'create'.
2019-05-26 01:25:04.751 WARN  org.hibernate.orm.cache - HHH90001006: Missing cache[org.devgateway.toolkit.persistence.dao.form.Tender.statusComments] was created on-the-fly. The created cache will use a provider-specific default configuration: make sure you defined one. You can disable this warning by setting 'hibernate.cache.ehcache.missing_cache_strategy' to 'create'.
2019-05-26 01:25:04.754 WARN  org.hibernate.orm.cache - HHH90001006: Missing cache[org.devgateway.toolkit.persistence.dao.form.AwardAcceptance] was created on-the-fly. The created cache will use a provider-specific default configuration: make sure you defined one. You can disable this warning by setting 'hibernate.cache.ehcache.missing_cache_strategy' to 'create'.
2019-05-26 01:25:04.758 WARN  org.hibernate.orm.cache - HHH90001006: Missing cache[org.devgateway.toolkit.persistence.dao.form.AwardAcceptance.statusComments] was created on-the-fly. The created cache will use a provider-specific default configuration: make sure you defined one. You can disable this warning by setting 'hibernate.cache.ehcache.missing_cache_strategy' to 'create'.
2019-05-26 01:25:04.762 WARN  org.hibernate.orm.cache - HHH90001006: Missing cache[org.devgateway.toolkit.persistence.dao.form.CabinetPaper] was created on-the-fly. The created cache will use a provider-specific default configuration: make sure you defined one. You can disable this warning by setting 'hibernate.cache.ehcache.missing_cache_strategy' to 'create'.
2019-05-26 01:25:04.766 WARN  org.hibernate.orm.cache - HHH90001006: Missing cache[org.devgateway.toolkit.persistence.dao.form.ProfessionalOpinion] was created on-the-fly. The created cache will use a provider-specific default configuration: make sure you defined one. You can disable this warning by setting 'hibernate.cache.ehcache.missing_cache_strategy' to 'create'.
2019-05-26 01:25:04.770 WARN  org.hibernate.orm.cache - HHH90001006: Missing cache[org.devgateway.toolkit.persistence.dao.form.ProcurementPlan.formDocs] was created on-the-fly. The created cache will use a provider-specific default configuration: make sure you defined one. You can disable this warning by setting 'hibernate.cache.ehcache.missing_cache_strategy' to 'create'.
2019-05-26 01:25:04.774 WARN  org.hibernate.orm.cache - HHH90001006: Missing cache[org.devgateway.toolkit.persistence.dao.TestForm.fileInput] was created on-the-fly. The created cache will use a provider-specific default configuration: make sure you defined one. You can disable this warning by setting 'hibernate.cache.ehcache.missing_cache_strategy' to 'create'.
2019-05-26 01:25:04.777 WARN  org.hibernate.orm.cache - HHH90001006: Missing cache[org.devgateway.toolkit.persistence.dao.form.ContractDocument] was created on-the-fly. The created cache will use a provider-specific default configuration: make sure you defined one. You can disable this warning by setting 'hibernate.cache.ehcache.missing_cache_strategy' to 'create'.
2019-05-26 01:25:04.804 WARN  org.hibernate.orm.cache - HHH90001006: Missing cache[org.devgateway.toolkit.persistence.dao.form.PurchaseRequisition] was created on-the-fly. The created cache will use a provider-specific default configuration: make sure you defined one. You can disable this warning by setting 'hibernate.cache.ehcache.missing_cache_strategy' to 'create'.
2019-05-26 01:25:04.808 WARN  org.hibernate.orm.cache - HHH90001006: Missing cache[org.devgateway.toolkit.persistence.dao.form.AwardAcceptance.formDocs] was created on-the-fly. The created cache will use a provider-specific default configuration: make sure you defined one. You can disable this warning by setting 'hibernate.cache.ehcache.missing_cache_strategy' to 'create'.
2019-05-26 01:25:04.810 WARN  org.hibernate.orm.cache - HHH90001006: Missing cache[org.devgateway.toolkit.persistence.dao.FileMetadata] was created on-the-fly. The created cache will use a provider-specific default configuration: make sure you defined one. You can disable this warning by setting 'hibernate.cache.ehcache.missing_cache_strategy' to 'create'.
2019-05-26 01:25:04.813 WARN  org.hibernate.orm.cache - HHH90001006: Missing cache[org.devgateway.toolkit.persistence.dao.form.TenderQuotationEvaluation.bids] was created on-the-fly. The created cache will use a provider-specific default configuration: make sure you defined one. You can disable this warning by setting 'hibernate.cache.ehcache.missing_cache_strategy' to 'create'.
2019-05-26 01:25:04.815 WARN  org.hibernate.orm.cache - HHH90001006: Missing cache[org.devgateway.toolkit.persistence.dao.form.PurchaseRequisition.purchaseItems] was created on-the-fly. The created cache will use a provider-specific default configuration: make sure you defined one. You can disable this warning by setting 'hibernate.cache.ehcache.missing_cache_strategy' to 'create'.
2019-05-26 01:25:04.817 WARN  org.hibernate.orm.cache - HHH90001006: Missing cache[org.devgateway.toolkit.persistence.dao.form.TenderQuotationEvaluation] was created on-the-fly. The created cache will use a provider-specific default configuration: make sure you defined one. You can disable this warning by setting 'hibernate.cache.ehcache.missing_cache_strategy' to 'create'.
2019-05-26 01:25:04.820 WARN  org.hibernate.orm.cache - HHH90001006: Missing cache[org.devgateway.toolkit.persistence.dao.Role] was created on-the-fly. The created cache will use a provider-specific default configuration: make sure you defined one. You can disable this warning by setting 'hibernate.cache.ehcache.missing_cache_strategy' to 'create'.
2019-05-26 01:25:04.822 WARN  org.hibernate.orm.cache - HHH90001006: Missing cache[org.devgateway.toolkit.persistence.dao.form.TenderQuotationEvaluation.formDocs] was created on-the-fly. The created cache will use a provider-specific default configuration: make sure you defined one. You can disable this warning by setting 'hibernate.cache.ehcache.missing_cache_strategy' to 'create'.
2019-05-26 01:25:04.824 WARN  org.hibernate.orm.cache - HHH90001006: Missing cache[org.devgateway.toolkit.persistence.dao.form.TenderQuotationEvaluation.statusComments] was created on-the-fly. The created cache will use a provider-specific default configuration: make sure you defined one. You can disable this warning by setting 'hibernate.cache.ehcache.missing_cache_strategy' to 'create'.
2019-05-26 01:25:04.826 WARN  org.hibernate.orm.cache - HHH90001006: Missing cache[org.devgateway.toolkit.persistence.dao.form.PurchaseRequisition.formDocs] was created on-the-fly. The created cache will use a provider-specific default configuration: make sure you defined one. You can disable this warning by setting 'hibernate.cache.ehcache.missing_cache_strategy' to 'create'.
2019-05-26 01:25:04.828 WARN  org.hibernate.orm.cache - HHH90001006: Missing cache[org.devgateway.toolkit.persistence.dao.TestForm.statusComments] was created on-the-fly. The created cache will use a provider-specific default configuration: make sure you defined one. You can disable this warning by setting 'hibernate.cache.ehcache.missing_cache_strategy' to 'create'.
2019-05-26 01:25:04.831 WARN  org.hibernate.orm.cache - HHH90001006: Missing cache[org.devgateway.toolkit.persistence.dao.form.Project.statusComments] was created on-the-fly. The created cache will use a provider-specific default configuration: make sure you defined one. You can disable this warning by setting 'hibernate.cache.ehcache.missing_cache_strategy' to 'create'.
2019-05-26 01:25:04.833 WARN  org.hibernate.orm.cache - HHH90001006: Missing cache[org.devgateway.toolkit.persistence.dao.form.AwardNotification.formDocs] was created on-the-fly. The created cache will use a provider-specific default configuration: make sure you defined one. You can disable this warning by setting 'hibernate.cache.ehcache.missing_cache_strategy' to 'create'.
2019-05-26 01:25:04.835 WARN  org.hibernate.orm.cache - HHH90001006: Missing cache[org.devgateway.toolkit.persistence.dao.form.ProfessionalOpinion.formDocs] was created on-the-fly. The created cache will use a provider-specific default configuration: make sure you defined one. You can disable this warning by setting 'hibernate.cache.ehcache.missing_cache_strategy' to 'create'.
2019-05-26 01:25:04.838 WARN  org.hibernate.orm.cache - HHH90001006: Missing cache[org.devgateway.toolkit.persistence.dao.form.ProcurementPlan] was created on-the-fly. The created cache will use a provider-specific default configuration: make sure you defined one. You can disable this warning by setting 'hibernate.cache.ehcache.missing_cache_strategy' to 'create'.
2019-05-26 01:25:04.840 WARN  org.hibernate.orm.cache - HHH90001006: Missing cache[org.devgateway.toolkit.persistence.dao.TestForm.testFormChildren] was created on-the-fly. The created cache will use a provider-specific default configuration: make sure you defined one. You can disable this warning by setting 'hibernate.cache.ehcache.missing_cache_strategy' to 'create'.
2019-05-26 01:25:04.842 WARN  org.hibernate.orm.cache - HHH90001006: Missing cache[org.devgateway.toolkit.persistence.dao.form.Project.formDocs] was created on-the-fly. The created cache will use a provider-specific default configuration: make sure you defined one. You can disable this warning by setting 'hibernate.cache.ehcache.missing_cache_strategy' to 'create'.
2019-05-26 01:25:04.844 WARN  org.hibernate.orm.cache - HHH90001006: Missing cache[org.devgateway.toolkit.persistence.dao.form.PlanItem] was created on-the-fly. The created cache will use a provider-specific default configuration: make sure you defined one. You can disable this warning by setting 'hibernate.cache.ehcache.missing_cache_strategy' to 'create'.
2019-05-26 01:25:04.846 WARN  org.hibernate.orm.cache - HHH90001006: Missing cache[org.devgateway.toolkit.persistence.dao.form.Contract.statusComments] was created on-the-fly. The created cache will use a provider-specific default configuration: make sure you defined one. You can disable this warning by setting 'hibernate.cache.ehcache.missing_cache_strategy' to 'create'.
2019-05-26 01:25:04.848 WARN  org.hibernate.orm.cache - HHH90001006: Missing cache[org.devgateway.toolkit.persistence.dao.TestForm] was created on-the-fly. The created cache will use a provider-specific default configuration: make sure you defined one. You can disable this warning by setting 'hibernate.cache.ehcache.missing_cache_strategy' to 'create'.
2019-05-26 01:25:04.850 WARN  org.hibernate.orm.cache - HHH90001006: Missing cache[org.devgateway.toolkit.persistence.dao.form.PurchaseItem] was created on-the-fly. The created cache will use a provider-specific default configuration: make sure you defined one. You can disable this warning by setting 'hibernate.cache.ehcache.missing_cache_strategy' to 'create'.
2019-05-26 01:25:04.852 WARN  org.hibernate.orm.cache - HHH90001006: Missing cache[org.devgateway.toolkit.persistence.dao.Person.roles] was created on-the-fly. The created cache will use a provider-specific default configuration: make sure you defined one. You can disable this warning by setting 'hibernate.cache.ehcache.missing_cache_strategy' to 'create'.
2019-05-26 01:25:04.854 WARN  org.hibernate.orm.cache - HHH90001006: Missing cache[org.devgateway.toolkit.persistence.dao.form.Tender.formDocs] was created on-the-fly. The created cache will use a provider-specific default configuration: make sure you defined one. You can disable this warning by setting 'hibernate.cache.ehcache.missing_cache_strategy' to 'create'.
2019-05-26 01:25:04.856 WARN  org.hibernate.orm.cache - HHH90001006: Missing cache[org.devgateway.toolkit.persistence.dao.TestFormChild] was created on-the-fly. The created cache will use a provider-specific default configuration: make sure you defined one. You can disable this warning by setting 'hibernate.cache.ehcache.missing_cache_strategy' to 'create'.
2019-05-26 01:25:04.858 WARN  org.hibernate.orm.cache - HHH90001006: Missing cache[org.devgateway.toolkit.persistence.dao.form.ProcurementPlan.planItems] was created on-the-fly. The created cache will use a provider-specific default configuration: make sure you defined one. You can disable this warning by setting 'hibernate.cache.ehcache.missing_cache_strategy' to 'create'.
2019-05-26 01:25:04.860 WARN  org.hibernate.orm.cache - HHH90001006: Missing cache[org.devgateway.toolkit.persistence.dao.form.TenderItem] was created on-the-fly. The created cache will use a provider-specific default configuration: make sure you defined one. You can disable this warning by setting 'hibernate.cache.ehcache.missing_cache_strategy' to 'create'.
2019-05-26 01:25:04.862 WARN  org.hibernate.orm.cache - HHH90001006: Missing cache[org.devgateway.toolkit.persistence.dao.form.Project] was created on-the-fly. The created cache will use a provider-specific default configuration: make sure you defined one. You can disable this warning by setting 'hibernate.cache.ehcache.missing_cache_strategy' to 'create'.
2019-05-26 01:25:04.864 WARN  org.hibernate.orm.cache - HHH90001006: Missing cache[org.devgateway.toolkit.persistence.dao.form.Tender.tenderItems] was created on-the-fly. The created cache will use a provider-specific default configuration: make sure you defined one. You can disable this warning by setting 'hibernate.cache.ehcache.missing_cache_strategy' to 'create'.
2019-05-26 01:25:04.866 WARN  org.hibernate.orm.cache - HHH90001006: Missing cache[org.devgateway.toolkit.persistence.dao.form.ContractDocument.formDocs] was created on-the-fly. The created cache will use a provider-specific default configuration: make sure you defined one. You can disable this warning by setting 'hibernate.cache.ehcache.missing_cache_strategy' to 'create'.
2019-05-26 01:25:04.868 WARN  org.hibernate.orm.cache - HHH90001006: Missing cache[org.devgateway.toolkit.persistence.dao.categories.FiscalYear] was created on-the-fly. The created cache will use a provider-specific default configuration: make sure you defined one. You can disable this warning by setting 'hibernate.cache.ehcache.missing_cache_strategy' to 'create'.
2019-05-26 01:25:04.870 WARN  org.hibernate.orm.cache - HHH90001006: Missing cache[org.devgateway.toolkit.persistence.dao.AdminSettings] was created on-the-fly. The created cache will use a provider-specific default configuration: make sure you defined one. You can disable this warning by setting 'hibernate.cache.ehcache.missing_cache_strategy' to 'create'.
2019-05-26 01:25:04.872 WARN  org.hibernate.orm.cache - HHH90001006: Missing cache[org.devgateway.toolkit.persistence.dao.StatusChangedComment] was created on-the-fly. The created cache will use a provider-specific default configuration: make sure you defined one. You can disable this warning by setting 'hibernate.cache.ehcache.missing_cache_strategy' to 'create'.
2019-05-26 01:25:04.873 WARN  org.hibernate.orm.cache - HHH90001006: Missing cache[org.devgateway.toolkit.persistence.dao.TestForm.entityMultiSelect] was created on-the-fly. The created cache will use a provider-specific default configuration: make sure you defined one. You can disable this warning by setting 'hibernate.cache.ehcache.missing_cache_strategy' to 'create'.
2019-05-26 01:25:04.875 WARN  org.hibernate.orm.cache - HHH90001006: Missing cache[org.devgateway.toolkit.persistence.dao.form.Bid] was created on-the-fly. The created cache will use a provider-specific default configuration: make sure you defined one. You can disable this warning by setting 'hibernate.cache.ehcache.missing_cache_strategy' to 'create'.
2019-05-26 01:25:04.877 WARN  org.hibernate.orm.cache - HHH90001006: Missing cache[org.devgateway.toolkit.persistence.dao.form.AwardNotification] was created on-the-fly. The created cache will use a provider-specific default configuration: make sure you defined one. You can disable this warning by setting 'hibernate.cache.ehcache.missing_cache_strategy' to 'create'.
2019-05-26 01:25:04.879 WARN  org.hibernate.orm.cache - HHH90001006: Missing cache[org.devgateway.toolkit.persistence.dao.Person] was created on-the-fly. The created cache will use a provider-specific default configuration: make sure you defined one. You can disable this warning by setting 'hibernate.cache.ehcache.missing_cache_strategy' to 'create'.
2019-05-26 01:25:04.881 WARN  org.hibernate.orm.cache - HHH90001006: Missing cache[org.devgateway.toolkit.persistence.dao.form.Tender] was created on-the-fly. The created cache will use a provider-specific default configuration: make sure you defined one. You can disable this warning by setting 'hibernate.cache.ehcache.missing_cache_strategy' to 'create'.
2019-05-26 01:25:04.883 WARN  org.hibernate.orm.cache - HHH90001006: Missing cache[org.devgateway.toolkit.persistence.dao.form.Contract] was created on-the-fly. The created cache will use a provider-specific default configuration: make sure you defined one. You can disable this warning by setting 'hibernate.cache.ehcache.missing_cache_strategy' to 'create'.
2019-05-26 01:25:04.885 WARN  org.hibernate.orm.cache - HHH90001006: Missing cache[org.devgateway.toolkit.persistence.dao.form.PurchaseRequisition.statusComments] was created on-the-fly. The created cache will use a provider-specific default configuration: make sure you defined one. You can disable this warning by setting 'hibernate.cache.ehcache.missing_cache_strategy' to 'create'.
2019-05-26 01:25:04.886 WARN  org.hibernate.orm.cache - HHH90001006: Missing cache[org.devgateway.toolkit.persistence.dao.form.Contract.contractDocs] was created on-the-fly. The created cache will use a provider-specific default configuration: make sure you defined one. You can disable this warning by setting 'hibernate.cache.ehcache.missing_cache_strategy' to 'create'.
2019-05-26 01:25:07.219 INFO  o.s.o.j.LocalContainerEntityManagerFactoryBean - Initialized JPA EntityManagerFactory for persistence unit 'default'
2019-05-26 01:25:08.125 INFO  org.apache.wicket.Application - [wicket-filter] init: Wicket core library initializer
2019-05-26 01:25:08.127 INFO  org.apache.wicket.Application - [wicket-filter] init: DevUtils DebugBar Initializer
2019-05-26 01:25:08.146 INFO  org.apache.wicket.Application - [wicket-filter] init: Wicket extensions initializer
2019-05-26 01:25:08.317 INFO  wicket-webjars - initialize wicket webjars with given settings: WebjarsSettings{readFromCacheTimeout=3 seconds, resourceStreamProvider=de.agilecoders.wicket.webjars.settings.ResourceStreamProvider$1@22cdc378, recentVersionPlaceHolder='current', assetPathCollectors=[de.agilecoders.wicket.webjars.collectors.ClasspathAssetPathCollector@593ed55b, de.agilecoders.wicket.webjars.collectors.VfsAssetPathCollector@38ffec31, de.agilecoders.wicket.webjars.collectors.FileAssetPathCollector@1a4dd83f], webjarsPackage='META-INF.resources.webjars', webjarsPath='META-INF/resources/webjars', resourcePattern=META-INF/resources/webjars/.*, webjarsPathPattern=/webjars/([^\/]*)\/([^\/]*)\/(.*), useCdnResources=false, cdnUrl='//cdn.jsdelivr.net:80/webjars/org.webjars'}
2019-05-26 01:25:08.349 INFO  wicket-jquery-selectors - initialize wicket jquery selectors with given settings: de.agilecoders.wicket.jquery.settings.WicketJquerySelectorsSettings@f5dd2de
2019-05-26 01:25:08.583 INFO  o.a.w.protocol.http.WebApplication - [wicket-filter] Started Wicket version 8.3.0 in DEVELOPMENT mode
2019-05-26 01:25:08.800 INFO  o.h.h.i.QueryTranslatorFactoryInitiator - HHH000397: Using ASTQueryTranslatorFactory
2019-05-26 01:25:10.504 WARN  o.s.b.a.o.j.JpaBaseConfiguration$JpaWebConfiguration$JpaWebMvcConfiguration - spring.jpa.open-in-view is enabled by default. Therefore, database queries may be performed during view rendering. Explicitly configure spring.jpa.open-in-view to disable this warning
2019-05-26 01:25:10.944 INFO  o.s.b.a.e.web.EndpointLinksResolver - Exposing 2 endpoint(s) beneath base path '/manage'
2019-05-26 01:25:11.314 INFO  o.s.s.web.DefaultSecurityFilterChain - Creating filter chain: Ant [pattern='/api/testAPI**'], []
2019-05-26 01:25:11.314 INFO  o.s.s.web.DefaultSecurityFilterChain - Creating filter chain: Ant [pattern='/img/**'], []
2019-05-26 01:25:11.314 INFO  o.s.s.web.DefaultSecurityFilterChain - Creating filter chain: Ant [pattern='/css*/**'], []
2019-05-26 01:25:11.314 INFO  o.s.s.web.DefaultSecurityFilterChain - Creating filter chain: Ant [pattern='/js*/**'], []
2019-05-26 01:25:11.315 INFO  o.s.s.web.DefaultSecurityFilterChain - Creating filter chain: Ant [pattern='/assets*/**'], []
2019-05-26 01:25:11.315 INFO  o.s.s.web.DefaultSecurityFilterChain - Creating filter chain: Ant [pattern='/wicket/resource/**/*.js'], []
2019-05-26 01:25:11.315 INFO  o.s.s.web.DefaultSecurityFilterChain - Creating filter chain: Ant [pattern='/wicket/resource/**/*.css'], []
2019-05-26 01:25:11.315 INFO  o.s.s.web.DefaultSecurityFilterChain - Creating filter chain: Ant [pattern='/wicket/resource/**/*.png'], []
2019-05-26 01:25:11.315 INFO  o.s.s.web.DefaultSecurityFilterChain - Creating filter chain: Ant [pattern='/wicket/resource/**/*.jpg'], []
2019-05-26 01:25:11.315 INFO  o.s.s.web.DefaultSecurityFilterChain - Creating filter chain: Ant [pattern='/wicket/resource/**/*.gif'], []
2019-05-26 01:25:11.315 INFO  o.s.s.web.DefaultSecurityFilterChain - Creating filter chain: Ant [pattern='/login/**'], []
2019-05-26 01:25:11.315 INFO  o.s.s.web.DefaultSecurityFilterChain - Creating filter chain: Ant [pattern='/forgotPassword/**'], []
2019-05-26 01:25:11.315 INFO  o.s.s.web.DefaultSecurityFilterChain - Creating filter chain: Ant [pattern='/resources/**'], []
2019-05-26 01:25:11.315 INFO  o.s.s.web.DefaultSecurityFilterChain - Creating filter chain: Ant [pattern='/resources/public/**'], []
2019-05-26 01:25:11.393 INFO  o.s.s.web.DefaultSecurityFilterChain - Creating filter chain: any request, [org.springframework.security.web.context.request.async.WebAsyncManagerIntegrationFilter@5f76d1a0, org.springframework.security.web.context.SecurityContextPersistenceFilter@6a1eef38, org.springframework.security.web.context.SecurityContextPersistenceFilter@6d5dbf38, org.springframework.security.web.header.HeaderWriterFilter@6e84c052, org.springframework.security.web.authentication.logout.LogoutFilter@5f4ba89e, org.springframework.security.web.authentication.UsernamePasswordAuthenticationFilter@6566da90, org.springframework.security.web.savedrequest.RequestCacheAwareFilter@6b4848d9, org.springframework.security.web.servletapi.SecurityContextHolderAwareRequestFilter@5b83c5c9, org.springframework.security.web.session.SessionManagementFilter@551a7123, org.springframework.security.web.access.ExceptionTranslationFilter@3a3f66f3, org.springframework.security.web.access.intercept.FilterSecurityInterceptor@697633a]
2019-05-26 01:25:11.469 INFO  s.d.s.w.PropertySourcedRequestMappingHandlerMapping - Mapped URL path [/v2/api-docs] onto method [public org.springframework.http.ResponseEntity<springfox.documentation.spring.web.json.Json> springfox.documentation.swagger2.web.Swagger2Controller.getDocumentation(java.lang.String,javax.servlet.http.HttpServletRequest)]
2019-05-26 01:25:11.704 INFO  o.s.s.c.ThreadPoolTaskExecutor - Initializing ExecutorService 'applicationTaskExecutor'
2019-05-26 01:25:12.446 INFO  o.s.s.c.ThreadPoolTaskScheduler - Initializing ExecutorService 'taskScheduler'
2019-05-26 01:25:12.699 INFO  o.s.i.endpoint.EventDrivenConsumer - Adding {logging-channel-adapter:_org.springframework.integration.errorLogger} as a subscriber to the 'errorChannel' channel
2019-05-26 01:25:12.699 INFO  o.s.i.c.PublishSubscribeChannel - Channel 'application.errorChannel' has 1 subscriber(s).
2019-05-26 01:25:12.699 INFO  o.s.i.endpoint.EventDrivenConsumer - started _org.springframework.integration.errorLogger
2019-05-26 01:25:12.699 INFO  s.d.s.w.p.DocumentationPluginsBootstrapper - Context refreshed
2019-05-26 01:25:12.718 INFO  s.d.s.w.p.DocumentationPluginsBootstrapper - Found 2 custom documentation plugin(s)
2019-05-26 01:25:12.757 INFO  s.d.s.w.s.ApiListingReferenceScanner - Scanning for api listing references
2019-05-26 01:25:12.845 INFO  s.d.s.w.s.ApiListingReferenceScanner - Scanning for api listing references
2019-05-26 01:25:12.867 INFO  s.d.s.w.r.o.CachingOperationNameGenerator - Generating unique operation named: handleUsingGET_1
2019-05-26 01:25:12.868 INFO  s.d.s.w.r.o.CachingOperationNameGenerator - Generating unique operation named: handleUsingGET_2
2019-05-26 01:25:12.870 INFO  s.d.s.w.r.o.CachingOperationNameGenerator - Generating unique operation named: handleUsingGET_3
2019-05-26 01:25:12.960 INFO  o.s.b.w.e.tomcat.TomcatWebServer - Tomcat started on port(s): 8090 (http) with context path ''
2019-05-26 01:25:12.963 INFO  o.d.t.f.wicket.FormsWebApplication - Started FormsWebApplication in 19.144 seconds (JVM running for 19.807)
2019-05-26 01:26:58.469 INFO  o.a.c.c.C.[Tomcat].[localhost].[/] - Initializing Spring DispatcherServlet 'dispatcherServlet'
2019-05-26 01:26:58.469 INFO  o.s.web.servlet.DispatcherServlet - Initializing Servlet 'dispatcherServlet'
2019-05-26 01:26:58.492 INFO  o.s.web.servlet.DispatcherServlet - Completed initialization in 23 ms
